#
# A fatal error has been detected by the Java Runtime Environment:
#
#  EXCEPTION_ACCESS_VIOLATION (0xc0000005) at pc=0x000000005333f660, pid=20432, tid=0x0000000000004c58
#
# JRE version: OpenJDK Runtime Environment (8.0_212-b04) (build 1.8.0_212-release-1586-b04)
# Java VM: OpenJDK 64-Bit Server VM (25.212-b04 mixed mode windows-amd64 compressed oops)
# Problematic frame:
# V  [jvm.dll+0x46f660]
#
# Failed to write core dump. Minidumps are not enabled by default on client versions of Windows
#
# If you would like to submit a bug report, please visit:
#   
#

---------------  T H R E A D  ---------------

Current thread (0x0000000016121000):  JavaThread "C2 CompilerThread1" daemon [_thread_in_native, id=19544, stack(0x0000000017880000,0x0000000017980000)]

siginfo: ExceptionCode=0xc0000005, reading address 0x000000004369a650

Registers:
RAX=0x0000000000000000, RBX=0x0000000000000000, RCX=0x000000004369a650, RDX=0x0000000000000000
RSP=0x000000001797c3f0, RBP=0x0000000000000042, RSI=0x0000000000000210, RDI=0x000000001797c440
R8 =0x0000000000000000, R9 =0x00000000000011a5, R10=0x0000000052ed0000, R11=0x000000001797c310
R12=0x000000000005f910, R13=0x0000000000000da7, R14=0x0000000052ed0000, R15=0x00000000000003d8
RIP=0x000000005333f660, EFLAGS=0x0000000000010246

Top of Stack: (sp=0x000000001797c3f0)
0x000000001797c3f0:   000000001797ebc0 000000001e3f59d0
0x000000001797c400:   fffffffffffffff8 00000000160e5400
0x000000001797c410:   0000000000000002 000000005333af45
0x000000001797c420:   000000001e4b5230 0000000000000000
0x000000001797c430:   000000001797c520 0000000000000002
0x000000001797c440:   000011aa00000000 0000000000000006
0x000000001797c450:   000000004369a650 0000000000000012
0x000000001797c460:   0000000018f81c50 0000000000000043
0x000000001797c470:   000000001e2cc8b0 000000001797c810
0x000000001797c480:   0000000019a53978 0000000019a535a0
0x000000001797c490:   000000001797c5a0 0000000053306dea
0x000000001797c4a0:   0000000000000000 0000000019a53590
0x000000001797c4b0:   000000001797c810 0000000000000000
0x000000001797c4c0:   0000000000000006 0000000019a53590
0x000000001797c4d0:   000000001d5c8f60 000000001d5cbc10
0x000000001797c4e0:   000000001d5d0f48 00000000013a3d08 

Instructions: (pc=0x000000005333f660)
0x000000005333f640:   48 8b 4f 20 48 39 04 0e 0f 84 9d 00 00 00 48 8b
0x000000005333f650:   0c 0e 33 d2 33 c0 48 89 4f 10 66 0f 1f 44 00 00
0x000000005333f660:   83 3c 08 00 0f 85 36 01 00 00 ff c2 48 83 c0 04
0x000000005333f670:   83 fa 08 72 eb 48 8b 47 30 48 89 44 24 30 48 85 


Register to memory mapping:

RAX=0x0000000000000000 is an unknown value
RBX=0x0000000000000000 is an unknown value
RCX=0x000000004369a650 is an unknown value
RDX=0x0000000000000000 is an unknown value
RSP=0x000000001797c3f0 is pointing into the stack for thread: 0x0000000016121000
RBP=0x0000000000000042 is an unknown value
RSI=0x0000000000000210 is an unknown value
RDI=0x000000001797c440 is pointing into the stack for thread: 0x0000000016121000
R8 =0x0000000000000000 is an unknown value
R9 =0x00000000000011a5 is an unknown value
R10=0x0000000052ed0000 is an unknown value
R11=0x000000001797c310 is pointing into the stack for thread: 0x0000000016121000
R12=0x000000000005f910 is an unknown value
R13=0x0000000000000da7 is an unknown value
R14=0x0000000052ed0000 is an unknown value
R15=0x00000000000003d8 is an unknown value


Stack: [0x0000000017880000,0x0000000017980000],  sp=0x000000001797c3f0,  free space=1008k
Native frames: (J=compiled Java code, j=interpreted, Vv=VM code, C=native code)
V  [jvm.dll+0x46f660]
V  [jvm.dll+0x46af45]
V  [jvm.dll+0x436dea]
V  [jvm.dll+0x44189b]
V  [jvm.dll+0x444198]
V  [jvm.dll+0x4272e2]
V  [jvm.dll+0x81fbf]
V  [jvm.dll+0x8291f]
V  [jvm.dll+0x21db3f]
V  [jvm.dll+0x26f53a]
C  [msvcr100.dll+0x21d9f]
C  [msvcr100.dll+0x21e3b]
C  [KERNEL32.DLL+0x17bd4]
C  [ntdll.dll+0x6ce51]


Current CompileTask:
C2:   3912 1446       4       java.net.URLClassLoader$1::run (5 bytes)


---------------  P R O C E S S  ---------------

Java Threads: ( => current thread )
  0x0000000019bc7800 JavaThread "Cache worker for file hash cache (C:\Users\RHEA SRIVASTAVA\AndroidStudioProjects\PIXIES_PROJECT\.gradle\5.6.4\fileHashes)" [_thread_blocked, id=2940, stack(0x000000001e600000,0x000000001e700000)]
  0x0000000019bc5800 JavaThread "Cache worker for journal cache (C:\Users\RHEA SRIVASTAVA\.gradle\caches\journal-1)" [_thread_blocked, id=21700, stack(0x000000001bea0000,0x000000001bfa0000)]
  0x0000000019bc7000 JavaThread "File lock request listener" [_thread_in_native, id=5840, stack(0x000000001bda0000,0x000000001bea0000)]
  0x00000000182e4000 JavaThread "Cache worker for file hash cache (C:\Users\RHEA SRIVASTAVA\.gradle\caches\5.6.4\fileHashes)" [_thread_blocked, id=13328, stack(0x000000001bca0000,0x000000001bda0000)]
  0x0000000017d3b000 JavaThread "Thread-9" [_thread_blocked, id=3480, stack(0x000000001b9a0000,0x000000001baa0000)]
  0x0000000019a99000 JavaThread "Stdin handler" [_thread_blocked, id=6812, stack(0x000000001b8a0000,0x000000001b9a0000)]
  0x0000000019a98000 JavaThread "Asynchronous log dispatcher for DefaultDaemonConnection: socket connection from /127.0.0.1:64206 to /127.0.0.1:64208" [_thread_blocked, id=21660, stack(0x000000001b7a0000,0x000000001b8a0000)]
  0x0000000019a68800 JavaThread "Daemon worker" [_thread_in_native, id=22336, stack(0x000000001b6a0000,0x000000001b7a0000)]
  0x0000000019a68000 JavaThread "Cancel handler" [_thread_blocked, id=16948, stack(0x000000001b5a0000,0x000000001b6a0000)]
  0x0000000019a10800 JavaThread "Handler for socket connection from /127.0.0.1:64206 to /127.0.0.1:64208" [_thread_in_native, id=20840, stack(0x000000001b2a0000,0x000000001b3a0000)]
  0x0000000019a39000 JavaThread "Daemon" [_thread_blocked, id=12392, stack(0x000000001b1a0000,0x000000001b2a0000)]
  0x00000000199d6800 JavaThread "Daemon periodic checks" [_thread_blocked, id=19784, stack(0x000000001b0a0000,0x000000001b1a0000)]
  0x0000000018a1f000 JavaThread "Incoming local TCP Connector on port 64206" [_thread_in_native, id=18368, stack(0x000000001ae60000,0x000000001af60000)]
  0x000000001984c800 JavaThread "Daemon health stats" [_thread_blocked, id=11764, stack(0x000000001a820000,0x000000001a920000)]
  0x000000001617d000 JavaThread "Service Thread" daemon [_thread_blocked, id=6384, stack(0x0000000017e80000,0x0000000017f80000)]
  0x0000000016127800 JavaThread "C1 CompilerThread2" daemon [_thread_blocked, id=4900, stack(0x0000000017980000,0x0000000017a80000)]
=>0x0000000016121000 JavaThread "C2 CompilerThread1" daemon [_thread_in_native, id=19544, stack(0x0000000017880000,0x0000000017980000)]
  0x000000001611e000 JavaThread "C2 CompilerThread0" daemon [_thread_in_native, id=10520, stack(0x0000000017780000,0x0000000017880000)]
  0x000000001611d000 JavaThread "Attach Listener" daemon [_thread_blocked, id=20184, stack(0x0000000017680000,0x0000000017780000)]
  0x000000001611a000 JavaThread "Signal Dispatcher" daemon [_thread_blocked, id=15988, stack(0x0000000017580000,0x0000000017680000)]
  0x00000000027ab000 JavaThread "Finalizer" daemon [_thread_blocked, id=14656, stack(0x0000000017380000,0x0000000017480000)]
  0x0000000016109000 JavaThread "Reference Handler" daemon [_thread_blocked, id=17968, stack(0x0000000017280000,0x0000000017380000)]
  0x000000000254e800 JavaThread "main" [_thread_blocked, id=17196, stack(0x0000000002550000,0x0000000002650000)]

Other Threads:
  0x00000000160e6000 VMThread [stack: 0x0000000017180000,0x0000000017280000] [id=11668]
  0x000000001617d800 WatcherThread [stack: 0x0000000017f80000,0x0000000018080000] [id=8700]

VM state:not at safepoint (normal execution)

VM Mutex/Monitor currently owned by a thread: None

heap address: 0x00000000a0000000, size: 1536 MB, Compressed Oops mode: 32-bit
Narrow klass base: 0x0000000000000000, Narrow klass shift: 3
Compressed class space size: 1073741824 Address: 0x0000000100000000

Heap:
 PSYoungGen      total 37888K, used 16827K [0x00000000e0000000, 0x00000000e5400000, 0x0000000100000000)
  eden space 32768K, 35% used [0x00000000e0000000,0x00000000e0b72e88,0x00000000e2000000)
  from space 5120K, 99% used [0x00000000e2000000,0x00000000e24fc010,0x00000000e2500000)
  to   space 10240K, 0% used [0x00000000e4a00000,0x00000000e4a00000,0x00000000e5400000)
 ParOldGen       total 86016K, used 6563K [0x00000000a0000000, 0x00000000a5400000, 0x00000000e0000000)
  object space 86016K, 7% used [0x00000000a0000000,0x00000000a0668e28,0x00000000a5400000)
 Metaspace       used 18152K, capacity 18624K, committed 18944K, reserved 1064960K
  class space    used 2612K, capacity 2788K, committed 2816K, reserved 1048576K

Card table byte_map: [0x0000000011b70000,0x0000000011e80000] byte_map_base: 0x0000000011670000

Marking Bits: (ParMarkBitMap*) 0x0000000053699f30
 Begin Bits: [0x0000000012480000, 0x0000000013c80000)
 End Bits:   [0x0000000013c80000, 0x0000000015480000)

Polling page: 0x0000000000cf0000

CodeCache: size=245760Kb used=5648Kb max_used=5648Kb free=240111Kb
 bounds [0x00000000027b0000, 0x0000000002d40000, 0x00000000117b0000]
 total_blobs=2044 nmethods=1641 adapters=316
 compilation: enabled

Compilation events (10 events):
Event: 3.797 Thread 0x0000000016127800 1637       3       sun.reflect.generics.parser.SignatureParser::parseFieldTypeSignature (73 bytes)
Event: 3.797 Thread 0x0000000016127800 nmethod 1637 0x0000000002d2ee90 code [0x0000000002d2f080, 0x0000000002d2f538]
Event: 3.797 Thread 0x0000000016127800 1638   !   3       sun.reflect.generics.factory.CoreReflectionFactory::makeNamedType (21 bytes)
Event: 3.797 Thread 0x0000000016127800 nmethod 1638 0x0000000002d2f790 code [0x0000000002d2f920, 0x0000000002d2fbe8]
Event: 3.797 Thread 0x0000000016127800 1639       3       sun.reflect.generics.factory.CoreReflectionFactory::getDeclsLoader (85 bytes)
Event: 3.799 Thread 0x0000000016127800 nmethod 1639 0x0000000002d2fd50 code [0x0000000002d300a0, 0x0000000002d32358]
Event: 3.810 Thread 0x0000000016127800 1641       3       java.lang.invoke.MethodType::erase (8 bytes)
Event: 3.810 Thread 0x0000000016127800 nmethod 1641 0x0000000002d332d0 code [0x0000000002d33420, 0x0000000002d33610]
Event: 3.822 Thread 0x0000000016127800 1642       3       java.net.URL::equals (24 bytes)
Event: 3.823 Thread 0x0000000016127800 nmethod 1642 0x0000000002d336d0 code [0x0000000002d33840, 0x0000000002d33c88]

GC Heap History (10 events):
Event: 1.020 GC heap before
{Heap before GC invocations=1 (full 0):
 PSYoungGen      total 37888K, used 32768K [0x00000000e0000000, 0x00000000e2a00000, 0x0000000100000000)
  eden space 32768K, 100% used [0x00000000e0000000,0x00000000e2000000,0x00000000e2000000)
  from space 5120K, 0% used [0x00000000e2500000,0x00000000e2500000,0x00000000e2a00000)
  to   space 5120K, 0% used [0x00000000e2000000,0x00000000e2000000,0x00000000e2500000)
 ParOldGen       total 86016K, used 0K [0x00000000a0000000, 0x00000000a5400000, 0x00000000e0000000)
  object space 86016K, 0% used [0x00000000a0000000,0x00000000a0000000,0x00000000a5400000)
 Metaspace       used 6718K, capacity 6944K, committed 7040K, reserved 1056768K
  class space    used 817K, capacity 876K, committed 896K, reserved 1048576K
Event: 1.025 GC heap after
Heap after GC invocations=1 (full 0):
 PSYoungGen      total 37888K, used 4162K [0x00000000e0000000, 0x00000000e2a00000, 0x0000000100000000)
  eden space 32768K, 0% used [0x00000000e0000000,0x00000000e0000000,0x00000000e2000000)
  from space 5120K, 81% used [0x00000000e2000000,0x00000000e2410900,0x00000000e2500000)
  to   space 5120K, 0% used [0x00000000e2500000,0x00000000e2500000,0x00000000e2a00000)
 ParOldGen       total 86016K, used 8K [0x00000000a0000000, 0x00000000a5400000, 0x00000000e0000000)
  object space 86016K, 0% used [0x00000000a0000000,0x00000000a0002000,0x00000000a5400000)
 Metaspace       used 6718K, capacity 6944K, committed 7040K, reserved 1056768K
  class space    used 817K, capacity 876K, committed 896K, reserved 1048576K
}
Event: 1.345 GC heap before
{Heap before GC invocations=2 (full 0):
 PSYoungGen      total 37888K, used 36930K [0x00000000e0000000, 0x00000000e2a00000, 0x0000000100000000)
  eden space 32768K, 100% used [0x00000000e0000000,0x00000000e2000000,0x00000000e2000000)
  from space 5120K, 81% used [0x00000000e2000000,0x00000000e2410900,0x00000000e2500000)
  to   space 5120K, 0% used [0x00000000e2500000,0x00000000e2500000,0x00000000e2a00000)
 ParOldGen       total 86016K, used 8K [0x00000000a0000000, 0x00000000a5400000, 0x00000000e0000000)
  object space 86016K, 0% used [0x00000000a0000000,0x00000000a0002000,0x00000000a5400000)
 Metaspace       used 6939K, capacity 7192K, committed 7424K, reserved 1056768K
  class space    used 843K, capacity 916K, committed 1024K, reserved 1048576K
Event: 1.350 GC heap after
Heap after GC invocations=2 (full 0):
 PSYoungGen      total 37888K, used 3089K [0x00000000e0000000, 0x00000000e2a00000, 0x0000000100000000)
  eden space 32768K, 0% used [0x00000000e0000000,0x00000000e0000000,0x00000000e2000000)
  from space 5120K, 60% used [0x00000000e2500000,0x00000000e2804500,0x00000000e2a00000)
  to   space 5120K, 0% used [0x00000000e2000000,0x00000000e2000000,0x00000000e2500000)
 ParOldGen       total 86016K, used 8K [0x00000000a0000000, 0x00000000a5400000, 0x00000000e0000000)
  object space 86016K, 0% used [0x00000000a0000000,0x00000000a0002000,0x00000000a5400000)
 Metaspace       used 6939K, capacity 7192K, committed 7424K, reserved 1056768K
  class space    used 843K, capacity 916K, committed 1024K, reserved 1048576K
}
Event: 2.353 GC heap before
{Heap before GC invocations=3 (full 0):
 PSYoungGen      total 37888K, used 35857K [0x00000000e0000000, 0x00000000e2a00000, 0x0000000100000000)
  eden space 32768K, 100% used [0x00000000e0000000,0x00000000e2000000,0x00000000e2000000)
  from space 5120K, 60% used [0x00000000e2500000,0x00000000e2804500,0x00000000e2a00000)
  to   space 5120K, 0% used [0x00000000e2000000,0x00000000e2000000,0x00000000e2500000)
 ParOldGen       total 86016K, used 8K [0x00000000a0000000, 0x00000000a5400000, 0x00000000e0000000)
  object space 86016K, 0% used [0x00000000a0000000,0x00000000a0002000,0x00000000a5400000)
 Metaspace       used 12064K, capacity 12434K, committed 12544K, reserved 1060864K
  class space    used 1594K, capacity 1719K, committed 1792K, reserved 1048576K
Event: 2.361 GC heap after
Heap after GC invocations=3 (full 0):
 PSYoungGen      total 37888K, used 5120K [0x00000000e0000000, 0x00000000e2a00000, 0x0000000100000000)
  eden space 32768K, 0% used [0x00000000e0000000,0x00000000e0000000,0x00000000e2000000)
  from space 5120K, 100% used [0x00000000e2000000,0x00000000e2500000,0x00000000e2500000)
  to   space 5120K, 0% used [0x00000000e2500000,0x00000000e2500000,0x00000000e2a00000)
 ParOldGen       total 86016K, used 1034K [0x00000000a0000000, 0x00000000a5400000, 0x00000000e0000000)
  object space 86016K, 1% used [0x00000000a0000000,0x00000000a0102ba8,0x00000000a5400000)
 Metaspace       used 12064K, capacity 12434K, committed 12544K, reserved 1060864K
  class space    used 1594K, capacity 1719K, committed 1792K, reserved 1048576K
}
Event: 3.280 GC heap before
{Heap before GC invocations=4 (full 0):
 PSYoungGen      total 37888K, used 37888K [0x00000000e0000000, 0x00000000e2a00000, 0x0000000100000000)
  eden space 32768K, 100% used [0x00000000e0000000,0x00000000e2000000,0x00000000e2000000)
  from space 5120K, 100% used [0x00000000e2000000,0x00000000e2500000,0x00000000e2500000)
  to   space 5120K, 0% used [0x00000000e2500000,0x00000000e2500000,0x00000000e2a00000)
 ParOldGen       total 86016K, used 1034K [0x00000000a0000000, 0x00000000a5400000, 0x00000000e0000000)
  object space 86016K, 1% used [0x00000000a0000000,0x00000000a0102ba8,0x00000000a5400000)
 Metaspace       used 14550K, capacity 14930K, committed 15232K, reserved 1062912K
  class space    used 2019K, capacity 2127K, committed 2176K, reserved 1048576K
Event: 3.287 GC heap after
Heap after GC invocations=4 (full 0):
 PSYoungGen      total 37888K, used 5120K [0x00000000e0000000, 0x00000000e2a00000, 0x0000000100000000)
  eden space 32768K, 0% used [0x00000000e0000000,0x00000000e0000000,0x00000000e2000000)
  from space 5120K, 100% used [0x00000000e2500000,0x00000000e2a00000,0x00000000e2a00000)
  to   space 5120K, 0% used [0x00000000e2000000,0x00000000e2000000,0x00000000e2500000)
 ParOldGen       total 86016K, used 3506K [0x00000000a0000000, 0x00000000a5400000, 0x00000000e0000000)
  object space 86016K, 4% used [0x00000000a0000000,0x00000000a036caa0,0x00000000a5400000)
 Metaspace       used 14550K, capacity 14930K, committed 15232K, reserved 1062912K
  class space    used 2019K, capacity 2127K, committed 2176K, reserved 1048576K
}
Event: 3.688 GC heap before
{Heap before GC invocations=5 (full 0):
 PSYoungGen      total 37888K, used 37888K [0x00000000e0000000, 0x00000000e2a00000, 0x0000000100000000)
  eden space 32768K, 100% used [0x00000000e0000000,0x00000000e2000000,0x00000000e2000000)
  from space 5120K, 100% used [0x00000000e2500000,0x00000000e2a00000,0x00000000e2a00000)
  to   space 5120K, 0% used [0x00000000e2000000,0x00000000e2000000,0x00000000e2500000)
 ParOldGen       total 86016K, used 3506K [0x00000000a0000000, 0x00000000a5400000, 0x00000000e0000000)
  object space 86016K, 4% used [0x00000000a0000000,0x00000000a036caa0,0x00000000a5400000)
 Metaspace       used 17096K, capacity 17534K, committed 17792K, reserved 1064960K
  class space    used 2444K, capacity 2595K, committed 2688K, reserved 1048576K
Event: 3.701 GC heap after
Heap after GC invocations=5 (full 0):
 PSYoungGen      total 37888K, used 5104K [0x00000000e0000000, 0x00000000e5400000, 0x0000000100000000)
  eden space 32768K, 0% used [0x00000000e0000000,0x00000000e0000000,0x00000000e2000000)
  from space 5120K, 99% used [0x00000000e2000000,0x00000000e24fc010,0x00000000e2500000)
  to   space 10240K, 0% used [0x00000000e4a00000,0x00000000e4a00000,0x00000000e5400000)
 ParOldGen       total 86016K, used 6563K [0x00000000a0000000, 0x00000000a5400000, 0x00000000e0000000)
  object space 86016K, 7% used [0x00000000a0000000,0x00000000a0668e28,0x00000000a5400000)
 Metaspace       used 17096K, capacity 17534K, committed 17792K, reserved 1064960K
  class space    used 2444K, capacity 2595K, committed 2688K, reserved 1048576K
}

Deoptimization events (10 events):
Event: 2.270 Thread 0x0000000019a10800 Uncommon trap: reason=unstable_if action=reinterpret pc=0x0000000002bae4b0 method=java.util.concurrent.ConcurrentHashMap.putVal(Ljava/lang/Object;Ljava/lang/Object;Z)Ljava/lang/Object; @ 206
Event: 2.336 Thread 0x0000000019a68800 Uncommon trap: reason=bimorphic action=maybe_recompile pc=0x0000000002a2644c method=java.util.HashMap.putVal(ILjava/lang/Object;Ljava/lang/Object;ZZ)Ljava/lang/Object; @ 253
Event: 2.337 Thread 0x0000000019a68800 Uncommon trap: reason=bimorphic action=maybe_recompile pc=0x0000000002a2644c method=java.util.HashMap.putVal(ILjava/lang/Object;Ljava/lang/Object;ZZ)Ljava/lang/Object; @ 253
Event: 2.337 Thread 0x0000000019a68800 Uncommon trap: reason=bimorphic action=maybe_recompile pc=0x0000000002a2644c method=java.util.HashMap.putVal(ILjava/lang/Object;Ljava/lang/Object;ZZ)Ljava/lang/Object; @ 253
Event: 3.012 Thread 0x0000000019a68800 Uncommon trap: reason=class_check action=maybe_recompile pc=0x0000000002a969d8 method=java.util.regex.Matcher.match(II)Z @ 86
Event: 3.027 Thread 0x0000000019a68800 Uncommon trap: reason=class_check action=maybe_recompile pc=0x0000000002a969d8 method=java.util.regex.Matcher.match(II)Z @ 86
Event: 3.028 Thread 0x0000000019a68800 Uncommon trap: reason=class_check action=maybe_recompile pc=0x0000000002a969d8 method=java.util.regex.Matcher.match(II)Z @ 86
Event: 3.028 Thread 0x0000000019a68800 Uncommon trap: reason=class_check action=maybe_recompile pc=0x000000000292148c method=java.util.regex.Matcher.match(II)Z @ 86
Event: 3.459 Thread 0x0000000019a68800 Uncommon trap: reason=unstable_if action=reinterpret pc=0x0000000002c59af4 method=java.lang.String.lastIndexOf([CII[CIII)I @ 66
Event: 3.565 Thread 0x0000000019a68800 Uncommon trap: reason=unstable_if action=reinterpret pc=0x0000000002c4f22c method=java.util.HashMap.putVal(ILjava/lang/Object;Ljava/lang/Object;ZZ)Ljava/lang/Object; @ 236

Classes redefined (0 events):
No events

Internal exceptions (10 events):
Event: 2.280 Thread 0x0000000019a10800 Exception <a 'java/lang/NoSuchMethodError': <clinit>> (0x00000000e1d0e340) thrown at [D:\src\AOSP-openjdk-cygwin\jdk8u\hotspot\src\share\vm\prims\jni.cpp, line 1614]
Event: 2.282 Thread 0x0000000019a10800 Exception <a 'java/lang/NoSuchMethodError': <clinit>> (0x00000000e1d26418) thrown at [D:\src\AOSP-openjdk-cygwin\jdk8u\hotspot\src\share\vm\prims\jni.cpp, line 1614]
Event: 2.283 Thread 0x0000000019a10800 Exception <a 'java/lang/NoSuchMethodError': <clinit>> (0x00000000e1d2f0a8) thrown at [D:\src\AOSP-openjdk-cygwin\jdk8u\hotspot\src\share\vm\prims\jni.cpp, line 1614]
Event: 2.285 Thread 0x0000000019a10800 Exception <a 'java/lang/NoSuchMethodError': <clinit>> (0x00000000e1d457d0) thrown at [D:\src\AOSP-openjdk-cygwin\jdk8u\hotspot\src\share\vm\prims\jni.cpp, line 1614]
Event: 2.294 Thread 0x0000000019a10800 Exception <a 'java/lang/NoSuchMethodError': <clinit>> (0x00000000e1daf138) thrown at [D:\src\AOSP-openjdk-cygwin\jdk8u\hotspot\src\share\vm\prims\jni.cpp, line 1614]
Event: 2.298 Thread 0x0000000019a10800 Exception <a 'java/lang/NoSuchMethodError': <clinit>> (0x00000000e1ddbcc8) thrown at [D:\src\AOSP-openjdk-cygwin\jdk8u\hotspot\src\share\vm\prims\jni.cpp, line 1614]
Event: 2.301 Thread 0x0000000019a10800 Exception <a 'java/lang/NoSuchMethodError': <clinit>> (0x00000000e1df97e8) thrown at [D:\src\AOSP-openjdk-cygwin\jdk8u\hotspot\src\share\vm\prims\jni.cpp, line 1614]
Event: 3.404 Thread 0x0000000019a68800 Exception <a 'java/lang/NoSuchMethodError': java.lang.Object.lambda$and$0(Ljava/util/function/Predicate;Ljava/lang/Object;)Z> (0x00000000e0c77be0) thrown at [D:\src\AOSP-openjdk-cygwin\jdk8u\hotspot\src\share\vm\interpreter\linkResolver.cpp, line 620]
Event: 3.410 Thread 0x0000000019a68800 Exception <a 'java/lang/IncompatibleClassChangeError': Found class java.lang.Object, but interface was expected> (0x00000000e0c8ded0) thrown at [D:\src\AOSP-openjdk-cygwin\jdk8u\hotspot\src\share\vm\interpreter\linkResolver.cpp, line 653]
Event: 3.412 Thread 0x0000000019a68800 Exception <a 'java/lang/NoSuchMethodError': java.lang.Object.lambda$or$2(Ljava/util/function/Predicate;Ljava/lang/Object;)Z> (0x00000000e0c92e28) thrown at [D:\src\AOSP-openjdk-cygwin\jdk8u\hotspot\src\share\vm\interpreter\linkResolver.cpp, line 620]

Events (10 events):
Event: 3.826 loading class org/gradle/language/nativeplatform/internal/incremental/DefaultCompilationStateCacheFactory
Event: 3.826 loading class org/gradle/language/nativeplatform/internal/incremental/DefaultCompilationStateCacheFactory done
Event: 3.826 loading class org/gradle/language/nativeplatform/internal/incremental/CompilationStateCacheFactory
Event: 3.826 loading class org/gradle/language/nativeplatform/internal/incremental/CompilationStateCacheFactory done
Event: 3.827 loading class org/gradle/language/nativeplatform/internal/incremental/sourceparser/CachingCSourceParser
Event: 3.827 loading class org/gradle/language/nativeplatform/internal/incremental/sourceparser/CachingCSourceParser done
Event: 3.828 loading class org/gradle/language/nativeplatform/internal/incremental/sourceparser/CSourceParser
Event: 3.828 loading class org/gradle/language/nativeplatform/internal/incremental/sourceparser/CSourceParser done
Event: 3.828 loading class org/gradle/cache/internal/FileContentCacheFactory$Calculator
Event: 3.828 loading class org/gradle/cache/internal/FileContentCacheFactory$Calculator done


Dynamic libraries:
0x00007ff6c7260000 - 0x00007ff6c7291000 	C:\Program Files\Android\Android Studio1\jre\bin\java.exe
0x00007ffa9c5e0000 - 0x00007ffa9c7d0000 	C:\WINDOWS\SYSTEM32\ntdll.dll
0x00007ffa9aa30000 - 0x00007ffa9aae2000 	C:\WINDOWS\System32\KERNEL32.DLL
0x00007ffa999a0000 - 0x00007ffa99c43000 	C:\WINDOWS\System32\KERNELBASE.dll
0x00007ffa9bd30000 - 0x00007ffa9bdd3000 	C:\WINDOWS\System32\ADVAPI32.dll
0x00007ffa9b370000 - 0x00007ffa9b40e000 	C:\WINDOWS\System32\msvcrt.dll
0x00007ffa9b5b0000 - 0x00007ffa9b647000 	C:\WINDOWS\System32\sechost.dll
0x00007ffa9a690000 - 0x00007ffa9a7b0000 	C:\WINDOWS\System32\RPCRT4.dll
0x00007ffa9b410000 - 0x00007ffa9b5a4000 	C:\WINDOWS\System32\USER32.dll
0x00007ffa99710000 - 0x00007ffa99731000 	C:\WINDOWS\System32\win32u.dll
0x00007ffa9a890000 - 0x00007ffa9a8b6000 	C:\WINDOWS\System32\GDI32.dll
0x00007ffa99570000 - 0x00007ffa99704000 	C:\WINDOWS\System32\gdi32full.dll
0x00007ffa9a3d0000 - 0x00007ffa9a46e000 	C:\WINDOWS\System32\msvcp_win.dll
0x00007ffa9a540000 - 0x00007ffa9a63a000 	C:\WINDOWS\System32\ucrtbase.dll
0x00007ffa988b0000 - 0x00007ffa98b35000 	C:\WINDOWS\WinSxS\amd64_microsoft.windows.common-controls_6595b64144ccf1df_6.0.18362.778_none_e6c6b761130d4fb8\COMCTL32.dll
0x00007ffa9b7a0000 - 0x00007ffa9bad6000 	C:\WINDOWS\System32\combase.dll
0x00007ffa997d0000 - 0x00007ffa99850000 	C:\WINDOWS\System32\bcryptPrimitives.dll
0x00007ffa9a980000 - 0x00007ffa9a9ae000 	C:\WINDOWS\System32\IMM32.DLL
0x0000000052d10000 - 0x0000000052de2000 	C:\Program Files\Android\Android Studio1\jre\jre\bin\msvcr100.dll
0x0000000052ed0000 - 0x0000000053716000 	C:\Program Files\Android\Android Studio1\jre\jre\bin\server\jvm.dll
0x00007ffa9a970000 - 0x00007ffa9a978000 	C:\WINDOWS\System32\PSAPI.DLL
0x00007ffa8f3f0000 - 0x00007ffa8f414000 	C:\WINDOWS\SYSTEM32\WINMM.dll
0x00007ffa8f690000 - 0x00007ffa8f69a000 	C:\WINDOWS\SYSTEM32\VERSION.dll
0x00007ffa971c0000 - 0x00007ffa971c9000 	C:\WINDOWS\SYSTEM32\WSOCK32.dll
0x00007ffa9bc50000 - 0x00007ffa9bcbf000 	C:\WINDOWS\System32\WS2_32.dll
0x00007ffa8f3c0000 - 0x00007ffa8f3ed000 	C:\WINDOWS\SYSTEM32\winmmbase.dll
0x00007ffa9a640000 - 0x00007ffa9a68a000 	C:\WINDOWS\System32\cfgmgr32.dll
0x00007ffa97350000 - 0x00007ffa9735f000 	C:\Program Files\Android\Android Studio1\jre\jre\bin\verify.dll
0x00007ffa97300000 - 0x00007ffa97329000 	C:\Program Files\Android\Android Studio1\jre\jre\bin\java.dll
0x00007ffa96630000 - 0x00007ffa96646000 	C:\Program Files\Android\Android Studio1\jre\jre\bin\zip.dll
0x00007ffa9bde0000 - 0x00007ffa9c4c5000 	C:\WINDOWS\System32\SHELL32.dll
0x00007ffa9a8c0000 - 0x00007ffa9a969000 	C:\WINDOWS\System32\shcore.dll
0x00007ffa99c50000 - 0x00007ffa9a3d0000 	C:\WINDOWS\System32\windows.storage.dll
0x00007ffa994b0000 - 0x00007ffa994d3000 	C:\WINDOWS\System32\profapi.dll
0x00007ffa99520000 - 0x00007ffa9956a000 	C:\WINDOWS\System32\powrprof.dll
0x00007ffa994a0000 - 0x00007ffa994b0000 	C:\WINDOWS\System32\UMPDC.dll
0x00007ffa9b150000 - 0x00007ffa9b1a2000 	C:\WINDOWS\System32\shlwapi.dll
0x00007ffa994e0000 - 0x00007ffa994f1000 	C:\WINDOWS\System32\kernel.appcore.dll
0x00007ffa9a520000 - 0x00007ffa9a537000 	C:\WINDOWS\System32\cryptsp.dll
0x00007ffa95f80000 - 0x00007ffa95f9a000 	C:\Program Files\Android\Android Studio1\jre\jre\bin\net.dll
0x00007ffa8f960000 - 0x00007ffa8fb35000 	C:\WINDOWS\SYSTEM32\urlmon.dll
0x00007ffa8abe0000 - 0x00007ffa8ae86000 	C:\WINDOWS\SYSTEM32\iertutil.dll
0x00007ffa98820000 - 0x00007ffa9882c000 	C:\WINDOWS\SYSTEM32\CRYPTBASE.DLL
0x00007ffa98630000 - 0x00007ffa98697000 	C:\WINDOWS\system32\mswsock.dll
0x00007ffa95650000 - 0x00007ffa95663000 	C:\Program Files\Android\Android Studio1\jre\jre\bin\nio.dll
0x00007ffa87ee0000 - 0x00007ffa87f06000 	C:\Users\RHEA SRIVASTAVA\.gradle\native\30\windows-amd64\native-platform.dll
0x00007ffa97340000 - 0x00007ffa9734d000 	C:\Program Files\Android\Android Studio1\jre\jre\bin\management.dll
0x00007ffa981a0000 - 0x00007ffa981d3000 	C:\WINDOWS\system32\rsaenh.dll
0x00007ffa997a0000 - 0x00007ffa997c6000 	C:\WINDOWS\System32\bcrypt.dll
0x00007ffa99390000 - 0x00007ffa993b5000 	C:\WINDOWS\SYSTEM32\USERENV.dll
0x00007ffa98340000 - 0x00007ffa9837a000 	C:\WINDOWS\SYSTEM32\IPHLPAPI.DLL
0x00007ffa9bc40000 - 0x00007ffa9bc48000 	C:\WINDOWS\System32\NSI.dll
0x00007ffa912c0000 - 0x00007ffa912d6000 	C:\WINDOWS\SYSTEM32\dhcpcsvc6.DLL
0x00007ffa91400000 - 0x00007ffa9141c000 	C:\WINDOWS\SYSTEM32\dhcpcsvc.DLL
0x00007ffa983d0000 - 0x00007ffa9849a000 	C:\WINDOWS\SYSTEM32\DNSAPI.dll
0x00007ffa98dc0000 - 0x00007ffa98fb4000 	C:\WINDOWS\SYSTEM32\dbghelp.dll

VM Arguments:
jvm_args: -Xmx1536m -Dfile.encoding=windows-1252 -Duser.country=US -Duser.language=en -Duser.variant 
java_command: org.gradle.launcher.daemon.bootstrap.GradleDaemon 5.6.4
java_class_path (initial): C:\Users\RHEA SRIVASTAVA\.gradle\wrapper\dists\gradle-5.6.4-all\ankdp27end7byghfw1q2sw75f\gradle-5.6.4\lib\gradle-launcher-5.6.4.jar
Launcher Type: SUN_STANDARD

Environment Variables:
PATH=C:\Program Files (x86)\Intel\iCLS Client\;C:\Program Files\Intel\iCLS Client\;C:\WINDOWS\system32;C:\WINDOWS;C:\WINDOWS\System32\Wbem;C:\WINDOWS\System32\WindowsPowerShell\v1.0\;C:\Program Files (x86)\Intel\Intel(R) Management Engine Components\DAL;C:\Program Files\Intel\Intel(R) Management Engine Components\DAL;C:\Program Files (x86)\Intel\Intel(R) Management Engine Components\IPT;C:\Program Files\Intel\Intel(R) Management Engine Components\IPT;C:\WINDOWS\System32\OpenSSH\;D:\MATLAB\R2017a\runtime\win64;D:\MATLAB\R2017a\bin;C:\Program Files\Intel\WiFi\bin\;C:\Program Files\Common Files\Intel\WirelessCommon\;C:\Program Files\Git\cmd;C:\Users\RHEA SRIVASTAVA\AppData\Local\Microsoft\WindowsApps;
USERNAME=RHEA SRIVASTAVA
OS=Windows_NT
PROCESSOR_IDENTIFIER=Intel64 Family 6 Model 78 Stepping 3, GenuineIntel



---------------  S Y S T E M  ---------------

OS: Windows 10.0 , 64 bit Build 18362 (10.0.18362.778)

CPU:total 4 (initial active 4) (2 cores per cpu, 2 threads per core) family 6 model 78 stepping 3, cmov, cx8, fxsr, mmx, sse, sse2, sse3, ssse3, sse4.1, sse4.2, popcnt, avx, avx2, aes, clmul, erms, 3dnowpref, lzcnt, ht, tsc, tscinvbit, bmi1, bmi2, adx

Memory: 4k page, physical 8244500k(1430560k free), swap 12261676k(3716492k free)

vm_info: OpenJDK 64-Bit Server VM (25.212-b04) for windows-amd64 JRE (1.8.0_212-release-1586-b04), built by "builder" with MS VC++ 10.0 (VS2010)

time: Fri May 15 13:17:19 2020
timezone: India Standard Time
elapsed time: 3 seconds (0d 0h 0m 3s)

