#
# A fatal error has been detected by the Java Runtime Environment:
#
#  EXCEPTION_ACCESS_VIOLATION (0xc0000005) at pc=0x000000005333f467, pid=12788, tid=0x00000000000034a8
#
# JRE version: OpenJDK Runtime Environment (8.0_212-b04) (build 1.8.0_212-release-1586-b04)
# Java VM: OpenJDK 64-Bit Server VM (25.212-b04 mixed mode windows-amd64 compressed oops)
# Problematic frame:
# V  [jvm.dll+0x46f467]
#
# Failed to write core dump. Minidumps are not enabled by default on client versions of Windows
#
# If you would like to submit a bug report, please visit:
#   
#

---------------  T H R E A D  ---------------

Current thread (0x0000000016c50000):  JavaThread "C2 CompilerThread1" daemon [_thread_in_native, id=13480, stack(0x00000000183b0000,0x00000000184b0000)]

siginfo: ExceptionCode=0xc0000005, reading address 0x000000004369a650

Registers:
RAX=0x0000000000000000, RBX=0x00000000184abe30, RCX=0x000000001e0364a0, RDX=0x000000001fc052d0
RSP=0x00000000184abca0, RBP=0x00000000184ae660, RSI=0x0000000000000028, RDI=0x0000000000000140
R8 =0x0000000000002be5, R9 =0x0000000000002be0, R10=0x0000000000000002, R11=0x00000000184abcb0
R12=0x000000004369a650, R13=0x000000001fc052d0, R14=0x000000005369a650, R15=0x0000000000000000
RIP=0x000000005333f467, EFLAGS=0x0000000000010246

Top of Stack: (sp=0x00000000184abca0)
0x00000000184abca0:   00000000184abe30 0000000053376fda
0x00000000184abcb0:   0000000000000000 00000000191355e0
0x00000000184abcc0:   000000001e3a5ea0 0000000000000000
0x00000000184abcd0:   0000000000000002 000000005333b65c
0x00000000184abce0:   00000000184abde0 00000000184ac2b0
0x00000000184abcf0:   000000001a804e40 000000000000068d
0x00000000184abd00:   0000000100000000 0000000000000002
0x00000000184abd10:   000000001e3a5f90 0000000000000003
0x00000000184abd20:   0000068d00000001 00000000ffffffff
0x00000000184abd30:   0000000005155455 0000000000000000
0x00000000184abd40:   0000000000000000 0000000000000000
0x00000000184abd50:   0000000000000000 0000000500000000
0x00000000184abd60:   0303030300000008 000000001e035e40
0x00000000184abd70:   000000000000002e 000000001e035eb0
0x00000000184abd80:   000000000000002e 00000000184abe30
0x00000000184abd90:   0000000000000001 000000000000009d 

Instructions: (pc=0x000000005333f467)
0x000000005333f447:   8d f0 07 00 00 48 8b 01 48 89 85 f0 07 00 00 33
0x000000005333f457:   c0 48 89 01 48 89 41 08 48 89 41 10 48 89 41 18
0x000000005333f467:   41 8b 04 24 89 01 41 8b 44 24 04 89 41 04 41 8b
0x000000005333f477:   44 24 08 89 41 08 41 8b 44 24 0c 89 41 0c 41 8b 


Register to memory mapping:

RAX=0x0000000000000000 is an unknown value
RBX=0x00000000184abe30 is pointing into the stack for thread: 0x0000000016c50000
RCX=0x000000001e0364a0 is an unknown value
RDX=0x000000001fc052d0 is an unknown value
RSP=0x00000000184abca0 is pointing into the stack for thread: 0x0000000016c50000
RBP=0x00000000184ae660 is pointing into the stack for thread: 0x0000000016c50000
RSI=0x0000000000000028 is an unknown value
RDI=0x0000000000000140 is an unknown value
R8 =0x0000000000002be5 is an unknown value
R9 =0x0000000000002be0 is an unknown value
R10=0x0000000000000002 is an unknown value
R11=0x00000000184abcb0 is pointing into the stack for thread: 0x0000000016c50000
R12=0x000000004369a650 is an unknown value
R13=0x000000001fc052d0 is an unknown value
R14=0x000000005369a650 is an unknown value
R15=0x0000000000000000 is an unknown value


Stack: [0x00000000183b0000,0x00000000184b0000],  sp=0x00000000184abca0,  free space=1007k
Native frames: (J=compiled Java code, j=interpreted, Vv=VM code, C=native code)
V  [jvm.dll+0x46f467]
V  [jvm.dll+0x46b65c]
V  [jvm.dll+0x436c0d]
V  [jvm.dll+0x44189b]
V  [jvm.dll+0x444198]
V  [jvm.dll+0x4272e2]
V  [jvm.dll+0x81fbf]
V  [jvm.dll+0x8291f]
V  [jvm.dll+0x21db3f]
V  [jvm.dll+0x26f53a]
C  [msvcr100.dll+0x21d9f]
C  [msvcr100.dll+0x21e3b]
C  [KERNEL32.DLL+0x17bd4]
C  [ntdll.dll+0x6ce51]


Current CompileTask:
C2:   8104 3385   !   4       java.net.URLClassLoader$1::run (63 bytes)


---------------  P R O C E S S  ---------------

Java Threads: ( => current thread )
  0x000000001cbf5800 JavaThread "Build operations Thread 4" [_thread_blocked, id=5724, stack(0x0000000022530000,0x0000000022630000)]
  0x000000001cbf2000 JavaThread "Build operations Thread 3" [_thread_blocked, id=14224, stack(0x0000000022150000,0x0000000022250000)]
  0x000000001cbf1000 JavaThread "Build operations Thread 2" [_thread_blocked, id=20772, stack(0x0000000022050000,0x0000000022150000)]
  0x000000001cbf0800 JavaThread "Build operations" [_thread_blocked, id=4312, stack(0x0000000021f50000,0x0000000022050000)]
  0x000000001cbf2800 JavaThread "Cache worker for execution history cache (C:\Users\RHEA SRIVASTAVA\.gradle\caches\5.6.4\executionHistory)" [_thread_blocked, id=8968, stack(0x0000000020800000,0x0000000020900000)]
  0x000000001a8e7800 JavaThread "Cache worker for cache directory md-rule (C:\Users\RHEA SRIVASTAVA\.gradle\caches\5.6.4\md-rule)" [_thread_blocked, id=14432, stack(0x000000001f250000,0x000000001f350000)]
  0x000000001a8ea800 JavaThread "Cache worker for cache directory md-supplier (C:\Users\RHEA SRIVASTAVA\.gradle\caches\5.6.4\md-supplier)" [_thread_blocked, id=6368, stack(0x000000001ef70000,0x000000001f070000)]
  0x000000001a8e5800 JavaThread "Cache worker for file hash cache (C:\Users\RHEA SRIVASTAVA\AndroidStudioProjects\PIXIES_PROJECT\.gradle\5.6.4\fileHashes)" [_thread_blocked, id=7828, stack(0x000000001f150000,0x000000001f250000)]
  0x000000001a8ec000 JavaThread "Cache worker for journal cache (C:\Users\RHEA SRIVASTAVA\.gradle\caches\journal-1)" [_thread_blocked, id=20960, stack(0x000000001c9d0000,0x000000001cad0000)]
  0x000000001a8ea000 JavaThread "File lock request listener" [_thread_in_native, id=13300, stack(0x000000001c8d0000,0x000000001c9d0000)]
  0x000000001a8eb800 JavaThread "Cache worker for file hash cache (C:\Users\RHEA SRIVASTAVA\.gradle\caches\5.6.4\fileHashes)" [_thread_blocked, id=15172, stack(0x000000001c7d0000,0x000000001c8d0000)]
  0x000000001a5f6000 JavaThread "Thread-9" [_thread_blocked, id=19620, stack(0x000000001c4d0000,0x000000001c5d0000)]
  0x000000001a5bb000 JavaThread "Stdin handler" [_thread_blocked, id=16436, stack(0x000000001c3d0000,0x000000001c4d0000)]
  0x000000001a5ba000 JavaThread "Asynchronous log dispatcher for DefaultDaemonConnection: socket connection from /127.0.0.1:62908 to /127.0.0.1:62909" [_thread_blocked, id=11660, stack(0x000000001c2d0000,0x000000001c3d0000)]
  0x000000001a5b8800 JavaThread "Daemon worker" [_thread_in_native, id=23176, stack(0x000000001c1d0000,0x000000001c2d0000)]
  0x000000001a5b5800 JavaThread "Cancel handler" [_thread_blocked, id=14136, stack(0x000000001c0d0000,0x000000001c1d0000)]
  0x000000001a5a7000 JavaThread "Handler for socket connection from /127.0.0.1:62908 to /127.0.0.1:62909" [_thread_in_native, id=17120, stack(0x000000001bdd0000,0x000000001bed0000)]
  0x000000001a5a3800 JavaThread "Daemon" [_thread_blocked, id=9072, stack(0x000000001bcd0000,0x000000001bdd0000)]
  0x000000001a321000 JavaThread "Daemon periodic checks" [_thread_blocked, id=16828, stack(0x000000001bbd0000,0x000000001bcd0000)]
  0x000000001a326000 JavaThread "Incoming local TCP Connector on port 62908" [_thread_in_native, id=15928, stack(0x000000001b990000,0x000000001ba90000)]
  0x000000001a350800 JavaThread "Daemon health stats" [_thread_blocked, id=19168, stack(0x000000001b350000,0x000000001b450000)]
  0x00000000185d8800 JavaThread "Service Thread" daemon [_thread_blocked, id=11800, stack(0x00000000189b0000,0x0000000018ab0000)]
  0x0000000016c60800 JavaThread "C1 CompilerThread2" daemon [_thread_blocked, id=20224, stack(0x00000000184b0000,0x00000000185b0000)]
=>0x0000000016c50000 JavaThread "C2 CompilerThread1" daemon [_thread_in_native, id=13480, stack(0x00000000183b0000,0x00000000184b0000)]
  0x0000000016c4d000 JavaThread "C2 CompilerThread0" daemon [_thread_blocked, id=3116, stack(0x00000000182b0000,0x00000000183b0000)]
  0x0000000016c4b800 JavaThread "Attach Listener" daemon [_thread_blocked, id=3344, stack(0x00000000181b0000,0x00000000182b0000)]
  0x0000000016c4a000 JavaThread "Signal Dispatcher" daemon [_thread_blocked, id=13128, stack(0x00000000180b0000,0x00000000181b0000)]
  0x00000000032db800 JavaThread "Finalizer" daemon [_thread_blocked, id=15692, stack(0x0000000017eb0000,0x0000000017fb0000)]
  0x00000000032d2000 JavaThread "Reference Handler" daemon [_thread_blocked, id=19780, stack(0x0000000017db0000,0x0000000017eb0000)]
  0x00000000031de800 JavaThread "main" [_thread_blocked, id=12916, stack(0x0000000003000000,0x0000000003100000)]

Other Threads:
  0x0000000016c15800 VMThread [stack: 0x0000000017cb0000,0x0000000017db0000] [id=21868]
  0x00000000185e1000 WatcherThread [stack: 0x0000000018ab0000,0x0000000018bb0000] [id=11804]

VM state:not at safepoint (normal execution)

VM Mutex/Monitor currently owned by a thread: None

heap address: 0x00000000a0000000, size: 1536 MB, Compressed Oops mode: 32-bit
Narrow klass base: 0x0000000000000000, Narrow klass shift: 3
Compressed class space size: 1073741824 Address: 0x0000000100000000

Heap:
 PSYoungGen      total 249344K, used 21145K [0x00000000e0000000, 0x00000000f0600000, 0x0000000100000000)
  eden space 237568K, 8% used [0x00000000e0000000,0x00000000e14a6528,0x00000000ee800000)
  from space 11776K, 0% used [0x00000000efa80000,0x00000000efa80000,0x00000000f0600000)
  to   space 15360K, 0% used [0x00000000ee800000,0x00000000ee800000,0x00000000ef700000)
 ParOldGen       total 68096K, used 17650K [0x00000000a0000000, 0x00000000a4280000, 0x00000000e0000000)
  object space 68096K, 25% used [0x00000000a0000000,0x00000000a113cbb0,0x00000000a4280000)
 Metaspace       used 35935K, capacity 36816K, committed 36992K, reserved 1081344K
  class space    used 4928K, capacity 5159K, committed 5248K, reserved 1048576K

Card table byte_map: [0x00000000126a0000,0x00000000129b0000] byte_map_base: 0x00000000121a0000

Marking Bits: (ParMarkBitMap*) 0x0000000053699f30
 Begin Bits: [0x0000000012fb0000, 0x00000000147b0000)
 End Bits:   [0x00000000147b0000, 0x0000000015fb0000)

Polling page: 0x0000000000ff0000

CodeCache: size=245760Kb used=10732Kb max_used=11483Kb free=235027Kb
 bounds [0x00000000032e0000, 0x0000000003e40000, 0x00000000122e0000]
 total_blobs=3808 nmethods=3103 adapters=618
 compilation: enabled

Compilation events (10 events):
Event: 8.027 Thread 0x0000000016c4d000 nmethod 3406 0x00000000034f1710 code [0x00000000034f1860, 0x00000000034f1958]
Event: 8.027 Thread 0x0000000016c60800 nmethod 3415 0x00000000035ba050 code [0x00000000035ba240, 0x00000000035baeb8]
Event: 8.027 Thread 0x0000000016c60800 3416       3       java.util.concurrent.ConcurrentHashMap$BaseIterator::hasNext (13 bytes)
Event: 8.028 Thread 0x0000000016c60800 nmethod 3416 0x00000000035b9010 code [0x00000000035b9160, 0x00000000035b9310]
Event: 8.028 Thread 0x0000000016c4d000 3413       4       sun.misc.ProxyGenerator$ConstantPool$Entry::<init> (5 bytes)
Event: 8.028 Thread 0x0000000016c4d000 nmethod 3413 0x0000000003de5650 code [0x0000000003de5780, 0x0000000003de57d8]
Event: 8.028 Thread 0x0000000016c4d000 3404       4       java.net.URLStreamHandler::sameFile (136 bytes)
Event: 8.029 Thread 0x0000000016c60800 3417       1       org.gradle.internal.instantiation.AbstractClassGenerator$GeneratedClassImpl::getConstructors (5 bytes)
Event: 8.029 Thread 0x0000000016c60800 nmethod 3417 0x00000000034d4a50 code [0x00000000034d4ba0, 0x00000000034d4cb0]
Event: 8.068 Thread 0x0000000016c4d000 nmethod 3404 0x0000000003700090 code [0x00000000037002a0, 0x0000000003701e68]

GC Heap History (10 events):
Event: 3.201 GC heap before
{Heap before GC invocations=6 (full 0):
 PSYoungGen      total 70656K, used 6251K [0x00000000e0000000, 0x00000000e9a00000, 0x0000000100000000)
  eden space 65536K, 1% used [0x00000000e0000000,0x00000000e011e040,0x00000000e4000000)
  from space 5120K, 99% used [0x00000000e4000000,0x00000000e44fcc70,0x00000000e4500000)
  to   space 13312K, 0% used [0x00000000e8d00000,0x00000000e8d00000,0x00000000e9a00000)
 ParOldGen       total 86016K, used 10808K [0x00000000a0000000, 0x00000000a5400000, 0x00000000e0000000)
  object space 86016K, 12% used [0x00000000a0000000,0x00000000a0a8e2b0,0x00000000a5400000)
 Metaspace       used 20710K, capacity 21080K, committed 21296K, reserved 1067008K
  class space    used 2953K, capacity 3102K, committed 3200K, reserved 1048576K
Event: 3.209 GC heap after
Heap after GC invocations=6 (full 0):
 PSYoungGen      total 142336K, used 5212K [0x00000000e0000000, 0x00000000e9800000, 0x0000000100000000)
  eden space 131072K, 0% used [0x00000000e0000000,0x00000000e0000000,0x00000000e8000000)
  from space 11264K, 46% used [0x00000000e8d00000,0x00000000e92170d8,0x00000000e9800000)
  to   space 12288K, 0% used [0x00000000e8000000,0x00000000e8000000,0x00000000e8c00000)
 ParOldGen       total 86016K, used 10808K [0x00000000a0000000, 0x00000000a5400000, 0x00000000e0000000)
  object space 86016K, 12% used [0x00000000a0000000,0x00000000a0a8e2b0,0x00000000a5400000)
 Metaspace       used 20710K, capacity 21080K, committed 21296K, reserved 1067008K
  class space    used 2953K, capacity 3102K, committed 3200K, reserved 1048576K
}
Event: 3.209 GC heap before
{Heap before GC invocations=7 (full 1):
 PSYoungGen      total 142336K, used 5212K [0x00000000e0000000, 0x00000000e9800000, 0x0000000100000000)
  eden space 131072K, 0% used [0x00000000e0000000,0x00000000e0000000,0x00000000e8000000)
  from space 11264K, 46% used [0x00000000e8d00000,0x00000000e92170d8,0x00000000e9800000)
  to   space 12288K, 0% used [0x00000000e8000000,0x00000000e8000000,0x00000000e8c00000)
 ParOldGen       total 86016K, used 10808K [0x00000000a0000000, 0x00000000a5400000, 0x00000000e0000000)
  object space 86016K, 12% used [0x00000000a0000000,0x00000000a0a8e2b0,0x00000000a5400000)
 Metaspace       used 20710K, capacity 21080K, committed 21296K, reserved 1067008K
  class space    used 2953K, capacity 3102K, committed 3200K, reserved 1048576K
Event: 3.256 GC heap after
Heap after GC invocations=7 (full 1):
 PSYoungGen      total 142336K, used 0K [0x00000000e0000000, 0x00000000e9800000, 0x0000000100000000)
  eden space 131072K, 0% used [0x00000000e0000000,0x00000000e0000000,0x00000000e8000000)
  from space 11264K, 0% used [0x00000000e8d00000,0x00000000e8d00000,0x00000000e9800000)
  to   space 12288K, 0% used [0x00000000e8000000,0x00000000e8000000,0x00000000e8c00000)
 ParOldGen       total 50688K, used 7437K [0x00000000a0000000, 0x00000000a3180000, 0x00000000e0000000)
  object space 50688K, 14% used [0x00000000a0000000,0x00000000a0743708,0x00000000a3180000)
 Metaspace       used 20710K, capacity 21080K, committed 21296K, reserved 1067008K
  class space    used 2953K, capacity 3102K, committed 3200K, reserved 1048576K
}
Event: 5.363 GC heap before
{Heap before GC invocations=8 (full 1):
 PSYoungGen      total 142336K, used 131072K [0x00000000e0000000, 0x00000000e9800000, 0x0000000100000000)
  eden space 131072K, 100% used [0x00000000e0000000,0x00000000e8000000,0x00000000e8000000)
  from space 11264K, 0% used [0x00000000e8d00000,0x00000000e8d00000,0x00000000e9800000)
  to   space 12288K, 0% used [0x00000000e8000000,0x00000000e8000000,0x00000000e8c00000)
 ParOldGen       total 50688K, used 7437K [0x00000000a0000000, 0x00000000a3180000, 0x00000000e0000000)
  object space 50688K, 14% used [0x00000000a0000000,0x00000000a0743708,0x00000000a3180000)
 Metaspace       used 31679K, capacity 32114K, committed 32384K, reserved 1077248K
  class space    used 4340K, capacity 4468K, committed 4480K, reserved 1048576K
Event: 5.382 GC heap after
Heap after GC invocations=8 (full 1):
 PSYoungGen      total 143360K, used 12261K [0x00000000e0000000, 0x00000000f0880000, 0x0000000100000000)
  eden space 131072K, 0% used [0x00000000e0000000,0x00000000e0000000,0x00000000e8000000)
  from space 12288K, 99% used [0x00000000e8000000,0x00000000e8bf9558,0x00000000e8c00000)
  to   space 14336K, 0% used [0x00000000efa80000,0x00000000efa80000,0x00000000f0880000)
 ParOldGen       total 50688K, used 7469K [0x00000000a0000000, 0x00000000a3180000, 0x00000000e0000000)
  object space 50688K, 14% used [0x00000000a0000000,0x00000000a074b708,0x00000000a3180000)
 Metaspace       used 31679K, capacity 32114K, committed 32384K, reserved 1077248K
  class space    used 4340K, capacity 4468K, committed 4480K, reserved 1048576K
}
Event: 7.412 GC heap before
{Heap before GC invocations=9 (full 1):
 PSYoungGen      total 143360K, used 77530K [0x00000000e0000000, 0x00000000f0880000, 0x0000000100000000)
  eden space 131072K, 49% used [0x00000000e0000000,0x00000000e3fbd508,0x00000000e8000000)
  from space 12288K, 99% used [0x00000000e8000000,0x00000000e8bf9558,0x00000000e8c00000)
  to   space 14336K, 0% used [0x00000000efa80000,0x00000000efa80000,0x00000000f0880000)
 ParOldGen       total 50688K, used 7469K [0x00000000a0000000, 0x00000000a3180000, 0x00000000e0000000)
  object space 50688K, 14% used [0x00000000a0000000,0x00000000a074b708,0x00000000a3180000)
 Metaspace       used 34648K, capacity 35400K, committed 35456K, reserved 1079296K
  class space    used 4762K, capacity 4945K, committed 4992K, reserved 1048576K
Event: 7.427 GC heap after
Heap after GC invocations=9 (full 1):
 PSYoungGen      total 249344K, used 10827K [0x00000000e0000000, 0x00000000f0600000, 0x0000000100000000)
  eden space 237568K, 0% used [0x00000000e0000000,0x00000000e0000000,0x00000000ee800000)
  from space 11776K, 91% used [0x00000000efa80000,0x00000000f0512d28,0x00000000f0600000)
  to   space 15360K, 0% used [0x00000000ee800000,0x00000000ee800000,0x00000000ef700000)
 ParOldGen       total 50688K, used 7477K [0x00000000a0000000, 0x00000000a3180000, 0x00000000e0000000)
  object space 50688K, 14% used [0x00000000a0000000,0x00000000a074d708,0x00000000a3180000)
 Metaspace       used 34648K, capacity 35400K, committed 35456K, reserved 1079296K
  class space    used 4762K, capacity 4945K, committed 4992K, reserved 1048576K
}
Event: 7.427 GC heap before
{Heap before GC invocations=10 (full 2):
 PSYoungGen      total 249344K, used 10827K [0x00000000e0000000, 0x00000000f0600000, 0x0000000100000000)
  eden space 237568K, 0% used [0x00000000e0000000,0x00000000e0000000,0x00000000ee800000)
  from space 11776K, 91% used [0x00000000efa80000,0x00000000f0512d28,0x00000000f0600000)
  to   space 15360K, 0% used [0x00000000ee800000,0x00000000ee800000,0x00000000ef700000)
 ParOldGen       total 50688K, used 7477K [0x00000000a0000000, 0x00000000a3180000, 0x00000000e0000000)
  object space 50688K, 14% used [0x00000000a0000000,0x00000000a074d708,0x00000000a3180000)
 Metaspace       used 34648K, capacity 35400K, committed 35456K, reserved 1079296K
  class space    used 4762K, capacity 4945K, committed 4992K, reserved 1048576K
Event: 7.504 GC heap after
Heap after GC invocations=10 (full 2):
 PSYoungGen      total 249344K, used 0K [0x00000000e0000000, 0x00000000f0600000, 0x0000000100000000)
  eden space 237568K, 0% used [0x00000000e0000000,0x00000000e0000000,0x00000000ee800000)
  from space 11776K, 0% used [0x00000000efa80000,0x00000000efa80000,0x00000000f0600000)
  to   space 15360K, 0% used [0x00000000ee800000,0x00000000ee800000,0x00000000ef700000)
 ParOldGen       total 68096K, used 17650K [0x00000000a0000000, 0x00000000a4280000, 0x00000000e0000000)
  object space 68096K, 25% used [0x00000000a0000000,0x00000000a113cbb0,0x00000000a4280000)
 Metaspace       used 34646K, capacity 35394K, committed 35456K, reserved 1079296K
  class space    used 4761K, capacity 4944K, committed 4992K, reserved 1048576K
}

Deoptimization events (10 events):
Event: 5.965 Thread 0x000000001cbf5800 Uncommon trap: reason=class_check action=maybe_recompile pc=0x00000000038672a0 method=java.util.concurrent.ConcurrentHashMap.putVal(Ljava/lang/Object;Ljava/lang/Object;Z)Ljava/lang/Object; @ 192
Event: 6.656 Thread 0x000000001a5b8800 Uncommon trap: reason=unstable_if action=reinterpret pc=0x00000000035f41f8 method=java.util.jar.JarFile.match([C[B[I[I)Z @ 29
Event: 7.306 Thread 0x000000001a5b8800 Uncommon trap: reason=unstable_if action=reinterpret pc=0x00000000037aafcc method=java.util.WeakHashMap.expungeStaleEntries()V @ 66
Event: 7.604 Thread 0x000000001a5b8800 Uncommon trap: reason=bimorphic action=maybe_recompile pc=0x0000000003b4e8ac method=java.lang.ClassLoader.getPackage(Ljava/lang/String;)Ljava/lang/Package; @ 47
Event: 7.669 Thread 0x000000001a5b8800 Uncommon trap: reason=bimorphic action=maybe_recompile pc=0x0000000003b4e8ac method=java.lang.ClassLoader.getPackage(Ljava/lang/String;)Ljava/lang/Package; @ 47
Event: 7.684 Thread 0x000000001a5b8800 Uncommon trap: reason=bimorphic action=maybe_recompile pc=0x0000000003b4e8ac method=java.lang.ClassLoader.getPackage(Ljava/lang/String;)Ljava/lang/Package; @ 47
Event: 7.704 Thread 0x000000001a5b8800 Uncommon trap: reason=bimorphic action=maybe_recompile pc=0x0000000003b4e8ac method=java.lang.ClassLoader.getPackage(Ljava/lang/String;)Ljava/lang/Package; @ 47
Event: 7.744 Thread 0x000000001a5b8800 Uncommon trap: reason=bimorphic action=maybe_recompile pc=0x0000000003b7c1b4 method=java.lang.ClassLoader.getPackage(Ljava/lang/String;)Ljava/lang/Package; @ 47
Event: 8.003 Thread 0x000000001a5b8800 Uncommon trap: reason=unstable_if action=reinterpret pc=0x00000000033ffd38 method=java.io.BufferedInputStream.read([BII)I @ 56
Event: 8.011 Thread 0x000000001a5b8800 Uncommon trap: reason=unstable_if action=reinterpret pc=0x00000000038b5c10 method=java.util.regex.Pattern.has(I)Z @ 6

Classes redefined (0 events):
No events

Internal exceptions (10 events):
Event: 7.520 Thread 0x000000001a5b8800 Exception <a 'java/lang/ClassNotFoundException': org/gradle/api/internal/AbstractTaskBeanInfo> (0x00000000e019cf00) thrown at [D:\src\AOSP-openjdk-cygwin\jdk8u\hotspot\src\share\vm\classfile\systemDictionary.cpp, line 210]
Event: 7.521 Thread 0x000000001a5b8800 Exception <a 'java/lang/ClassNotFoundException': org/gradle/api/internal/AbstractTaskCustomizer> (0x00000000e01d00a8) thrown at [D:\src\AOSP-openjdk-cygwin\jdk8u\hotspot\src\share\vm\classfile\systemDictionary.cpp, line 210]
Event: 7.524 Thread 0x000000001a5b8800 Exception <a 'java/lang/ClassNotFoundException': org/gradle/api/DefaultTaskCustomizer> (0x00000000e025be98) thrown at [D:\src\AOSP-openjdk-cygwin\jdk8u\hotspot\src\share\vm\classfile\systemDictionary.cpp, line 210]
Event: 7.525 Thread 0x000000001a5b8800 Exception <a 'java/lang/ClassNotFoundException': org/gradle/api/internal/ConventionTaskCustomizer> (0x00000000e029e800) thrown at [D:\src\AOSP-openjdk-cygwin\jdk8u\hotspot\src\share\vm\classfile\systemDictionary.cpp, line 210]
Event: 7.526 Thread 0x000000001a5b8800 Exception <a 'java/lang/ClassNotFoundException': org/gradle/api/tasks/DeleteCustomizer> (0x00000000e02ddad0) thrown at [D:\src\AOSP-openjdk-cygwin\jdk8u\hotspot\src\share\vm\classfile\systemDictionary.cpp, line 210]
Event: 7.528 Thread 0x000000001a5b8800 Exception <a 'java/lang/ClassNotFoundException': org/gradle/api/tasks/Delete_DecoratedCustomizer> (0x00000000e032a968) thrown at [D:\src\AOSP-openjdk-cygwin\jdk8u\hotspot\src\share\vm\classfile\systemDictionary.cpp, line 210]
Event: 7.594 Thread 0x000000001a5b8800 Exception <a 'java/lang/ClassNotFoundException': build_9nnhdy84n89mhptlbkm6crt02BeanInfo> (0x00000000e06e6a28) thrown at [D:\src\AOSP-openjdk-cygwin\jdk8u\hotspot\src\share\vm\classfile\systemDictionary.cpp, line 210]
Event: 7.594 Thread 0x000000001a5b8800 Exception <a 'java/lang/ClassNotFoundException': build_9nnhdy84n89mhptlbkm6crt02Customizer> (0x00000000e06f3540) thrown at [D:\src\AOSP-openjdk-cygwin\jdk8u\hotspot\src\share\vm\classfile\systemDictionary.cpp, line 210]
Event: 7.600 Thread 0x000000001a5b8800 Exception <a 'java/lang/ClassNotFoundException': org/gradle/api/internal/plugins/DefaultObjectConfigurationActionBeanInfo> (0x00000000e0769e98) thrown at [D:\src\AOSP-openjdk-cygwin\jdk8u\hotspot\src\share\vm\classfile\systemDictionary.cpp, line 210]
Event: 7.601 Thread 0x000000001a5b8800 Exception <a 'java/lang/ClassNotFoundException': org/gradle/api/internal/plugins/DefaultObjectConfigurationActionCustomizer> (0x00000000e07ad118) thrown at [D:\src\AOSP-openjdk-cygwin\jdk8u\hotspot\src\share\vm\classfile\systemDictionary.cpp, line 210]

Events (10 events):
Event: 8.068 Thread 0x0000000016c4d000 flushing nmethod 0x000000000392a950
Event: 8.068 Thread 0x0000000016c4d000 flushing nmethod 0x000000000392d2d0
Event: 8.068 Thread 0x0000000016c4d000 flushing nmethod 0x00000000039302d0
Event: 8.068 Thread 0x0000000016c4d000 flushing nmethod 0x00000000039338d0
Event: 8.068 Thread 0x0000000016c4d000 flushing nmethod 0x00000000039407d0
Event: 8.068 Thread 0x0000000016c4d000 flushing nmethod 0x0000000003963a50
Event: 8.068 Thread 0x0000000016c4d000 flushing nmethod 0x0000000003970ed0
Event: 8.068 Thread 0x0000000016c4d000 flushing nmethod 0x0000000003975950
Event: 8.076 loading class com/android/utils/JvmWideVariable
Event: 8.076 loading class com/android/utils/JvmWideVariable done


Dynamic libraries:
0x00007ff7f7150000 - 0x00007ff7f7181000 	C:\Program Files\Android\Android Studio1\jre\bin\java.exe
0x00007ffa9c5e0000 - 0x00007ffa9c7d0000 	C:\WINDOWS\SYSTEM32\ntdll.dll
0x00007ffa9aa30000 - 0x00007ffa9aae2000 	C:\WINDOWS\System32\KERNEL32.DLL
0x00007ffa999a0000 - 0x00007ffa99c43000 	C:\WINDOWS\System32\KERNELBASE.dll
0x00007ffa9bd30000 - 0x00007ffa9bdd3000 	C:\WINDOWS\System32\ADVAPI32.dll
0x00007ffa9b370000 - 0x00007ffa9b40e000 	C:\WINDOWS\System32\msvcrt.dll
0x00007ffa9b5b0000 - 0x00007ffa9b647000 	C:\WINDOWS\System32\sechost.dll
0x00007ffa9a690000 - 0x00007ffa9a7b0000 	C:\WINDOWS\System32\RPCRT4.dll
0x00007ffa9b410000 - 0x00007ffa9b5a4000 	C:\WINDOWS\System32\USER32.dll
0x00007ffa99710000 - 0x00007ffa99731000 	C:\WINDOWS\System32\win32u.dll
0x00007ffa9a890000 - 0x00007ffa9a8b6000 	C:\WINDOWS\System32\GDI32.dll
0x00007ffa99570000 - 0x00007ffa99704000 	C:\WINDOWS\System32\gdi32full.dll
0x00007ffa9a3d0000 - 0x00007ffa9a46e000 	C:\WINDOWS\System32\msvcp_win.dll
0x00007ffa9a540000 - 0x00007ffa9a63a000 	C:\WINDOWS\System32\ucrtbase.dll
0x00007ffa988b0000 - 0x00007ffa98b35000 	C:\WINDOWS\WinSxS\amd64_microsoft.windows.common-controls_6595b64144ccf1df_6.0.18362.778_none_e6c6b761130d4fb8\COMCTL32.dll
0x00007ffa9b7a0000 - 0x00007ffa9bad6000 	C:\WINDOWS\System32\combase.dll
0x00007ffa997d0000 - 0x00007ffa99850000 	C:\WINDOWS\System32\bcryptPrimitives.dll
0x00007ffa9a980000 - 0x00007ffa9a9ae000 	C:\WINDOWS\System32\IMM32.DLL
0x0000000052d10000 - 0x0000000052de2000 	C:\Program Files\Android\Android Studio1\jre\jre\bin\msvcr100.dll
0x0000000052ed0000 - 0x0000000053716000 	C:\Program Files\Android\Android Studio1\jre\jre\bin\server\jvm.dll
0x00007ffa9a970000 - 0x00007ffa9a978000 	C:\WINDOWS\System32\PSAPI.DLL
0x00007ffa971c0000 - 0x00007ffa971c9000 	C:\WINDOWS\SYSTEM32\WSOCK32.dll
0x00007ffa8f3f0000 - 0x00007ffa8f414000 	C:\WINDOWS\SYSTEM32\WINMM.dll
0x00007ffa9bc50000 - 0x00007ffa9bcbf000 	C:\WINDOWS\System32\WS2_32.dll
0x00007ffa8f690000 - 0x00007ffa8f69a000 	C:\WINDOWS\SYSTEM32\VERSION.dll
0x00007ffa8f3c0000 - 0x00007ffa8f3ed000 	C:\WINDOWS\SYSTEM32\WINMMBASE.dll
0x00007ffa9a640000 - 0x00007ffa9a68a000 	C:\WINDOWS\System32\cfgmgr32.dll
0x00007ffa95660000 - 0x00007ffa9566f000 	C:\Program Files\Android\Android Studio1\jre\jre\bin\verify.dll
0x00007ffa8d120000 - 0x00007ffa8d149000 	C:\Program Files\Android\Android Studio1\jre\jre\bin\java.dll
0x00007ffa93ad0000 - 0x00007ffa93ae6000 	C:\Program Files\Android\Android Studio1\jre\jre\bin\zip.dll
0x00007ffa9bde0000 - 0x00007ffa9c4c5000 	C:\WINDOWS\System32\SHELL32.dll
0x00007ffa9a8c0000 - 0x00007ffa9a969000 	C:\WINDOWS\System32\shcore.dll
0x00007ffa99c50000 - 0x00007ffa9a3d0000 	C:\WINDOWS\System32\windows.storage.dll
0x00007ffa994b0000 - 0x00007ffa994d3000 	C:\WINDOWS\System32\profapi.dll
0x00007ffa99520000 - 0x00007ffa9956a000 	C:\WINDOWS\System32\powrprof.dll
0x00007ffa994a0000 - 0x00007ffa994b0000 	C:\WINDOWS\System32\UMPDC.dll
0x00007ffa9b150000 - 0x00007ffa9b1a2000 	C:\WINDOWS\System32\shlwapi.dll
0x00007ffa994e0000 - 0x00007ffa994f1000 	C:\WINDOWS\System32\kernel.appcore.dll
0x00007ffa9a520000 - 0x00007ffa9a537000 	C:\WINDOWS\System32\cryptsp.dll
0x00007ffa91bc0000 - 0x00007ffa91bda000 	C:\Program Files\Android\Android Studio1\jre\jre\bin\net.dll
0x00007ffa8f960000 - 0x00007ffa8fb35000 	C:\WINDOWS\SYSTEM32\urlmon.dll
0x00007ffa8abe0000 - 0x00007ffa8ae86000 	C:\WINDOWS\SYSTEM32\iertutil.dll
0x00007ffa98820000 - 0x00007ffa9882c000 	C:\WINDOWS\SYSTEM32\CRYPTBASE.DLL
0x00007ffa98630000 - 0x00007ffa98697000 	C:\WINDOWS\system32\mswsock.dll
0x00007ffa8d010000 - 0x00007ffa8d023000 	C:\Program Files\Android\Android Studio1\jre\jre\bin\nio.dll
0x00007ffa85e30000 - 0x00007ffa85e56000 	C:\Users\RHEA SRIVASTAVA\.gradle\native\30\windows-amd64\native-platform.dll
0x00007ffa8f640000 - 0x00007ffa8f64d000 	C:\Program Files\Android\Android Studio1\jre\jre\bin\management.dll
0x00007ffa981a0000 - 0x00007ffa981d3000 	C:\WINDOWS\system32\rsaenh.dll
0x00007ffa997a0000 - 0x00007ffa997c6000 	C:\WINDOWS\System32\bcrypt.dll
0x00007ffa99390000 - 0x00007ffa993b5000 	C:\WINDOWS\SYSTEM32\USERENV.dll
0x00007ffa98340000 - 0x00007ffa9837a000 	C:\WINDOWS\SYSTEM32\IPHLPAPI.DLL
0x00007ffa9bc40000 - 0x00007ffa9bc48000 	C:\WINDOWS\System32\NSI.dll
0x00007ffa912c0000 - 0x00007ffa912d6000 	C:\WINDOWS\SYSTEM32\dhcpcsvc6.DLL
0x00007ffa91400000 - 0x00007ffa9141c000 	C:\WINDOWS\SYSTEM32\dhcpcsvc.DLL
0x00007ffa983d0000 - 0x00007ffa9849a000 	C:\WINDOWS\SYSTEM32\DNSAPI.dll
0x00007ffa98dc0000 - 0x00007ffa98fb4000 	C:\WINDOWS\SYSTEM32\dbghelp.dll

VM Arguments:
jvm_args: -Xmx1536m -Dfile.encoding=windows-1252 -Duser.country=US -Duser.language=en -Duser.variant 
java_command: org.gradle.launcher.daemon.bootstrap.GradleDaemon 5.6.4
java_class_path (initial): C:\Users\RHEA SRIVASTAVA\.gradle\wrapper\dists\gradle-5.6.4-all\ankdp27end7byghfw1q2sw75f\gradle-5.6.4\lib\gradle-launcher-5.6.4.jar
Launcher Type: SUN_STANDARD

Environment Variables:
PATH=C:\Program Files (x86)\Intel\iCLS Client\;C:\Program Files\Intel\iCLS Client\;C:\WINDOWS\system32;C:\WINDOWS;C:\WINDOWS\System32\Wbem;C:\WINDOWS\System32\WindowsPowerShell\v1.0\;C:\Program Files (x86)\Intel\Intel(R) Management Engine Components\DAL;C:\Program Files\Intel\Intel(R) Management Engine Components\DAL;C:\Program Files (x86)\Intel\Intel(R) Management Engine Components\IPT;C:\Program Files\Intel\Intel(R) Management Engine Components\IPT;C:\WINDOWS\System32\OpenSSH\;D:\MATLAB\R2017a\runtime\win64;D:\MATLAB\R2017a\bin;C:\Program Files\Intel\WiFi\bin\;C:\Program Files\Common Files\Intel\WirelessCommon\;C:\Program Files\Git\cmd;C:\Users\RHEA SRIVASTAVA\AppData\Local\Microsoft\WindowsApps;
USERNAME=RHEA SRIVASTAVA
OS=Windows_NT
PROCESSOR_IDENTIFIER=Intel64 Family 6 Model 78 Stepping 3, GenuineIntel



---------------  S Y S T E M  ---------------

OS: Windows 10.0 , 64 bit Build 18362 (10.0.18362.778)

CPU:total 4 (initial active 4) (2 cores per cpu, 2 threads per core) family 6 model 78 stepping 3, cmov, cx8, fxsr, mmx, sse, sse2, sse3, ssse3, sse4.1, sse4.2, popcnt, avx, avx2, aes, clmul, erms, 3dnowpref, lzcnt, ht, tsc, tscinvbit, bmi1, bmi2, adx

Memory: 4k page, physical 8244500k(2344524k free), swap 14091792k(4796812k free)

vm_info: OpenJDK 64-Bit Server VM (25.212-b04) for windows-amd64 JRE (1.8.0_212-release-1586-b04), built by "builder" with MS VC++ 10.0 (VS2010)

time: Sat May 16 21:35:12 2020
timezone: India Standard Time
elapsed time: 8 seconds (0d 0h 0m 8s)

