#
# A fatal error has been detected by the Java Runtime Environment:
#
#  EXCEPTION_ACCESS_VIOLATION (0xc0000005) at pc=0x0000000052f23682, pid=4656, tid=0x0000000000001810
#
# JRE version: OpenJDK Runtime Environment (8.0_212-b04) (build 1.8.0_212-release-1586-b04)
# Java VM: OpenJDK 64-Bit Server VM (25.212-b04 mixed mode windows-amd64 compressed oops)
# Problematic frame:
# V  [jvm.dll+0x53682]
#
# Failed to write core dump. Minidumps are not enabled by default on client versions of Windows
#
# If you would like to submit a bug report, please visit:
#   
#

---------------  T H R E A D  ---------------

Current thread (0x0000000016670000):  JavaThread "C1 CompilerThread2" daemon [_thread_in_vm, id=6160, stack(0x0000000017eb0000,0x0000000017fb0000)]

siginfo: ExceptionCode=0xc0000005, reading address 0x000000000ac4ad48

Registers:
RAX=0x0000000002c0e330, RBX=0x000000000ac4ad48, RCX=0x0000000002c028e0, RDX=0x0000000000002786
RSP=0x0000000017faea20, RBP=0x0000000092e6468e, RSI=0x0000000000000032, RDI=0x0000000000000001
R8 =0x000000001d37aba1, R9 =0x0000000000000032, R10=0x000000000000021c, R11=0x000000001d37aba0
R12=0x0000000000000032, R13=0x000000001d37aba1, R14=0x0000000002c028e0, R15=0x0000000000000000
RIP=0x0000000052f23682, EFLAGS=0x0000000000010202

Top of Stack: (sp=0x0000000017faea20)
0x0000000017faea20:   0000000016670000 0000000016670000
0x0000000017faea30:   0000000016670000 0000000052f26e6a
0x0000000017faea40:   0000000000000000 0000000016670000
0x0000000017faea50:   0000000000002786 0000000052f24d30
0x0000000017faea60:   0000000000000033 000000001d37aba1
0x0000000017faea70:   0000000000000032 0000000092e6468e
0x0000000017faea80:   0000000092e6468e 0000000052fe60ec
0x0000000017faea90:   00000000189f15e0 0000000000000000
0x0000000017faeaa0:   0000000016670000 0000000019edf6a0
0x0000000017faeab0:   000000010030cb30 0000000052edb13b
0x0000000017faeac0:   0000000000000033 0000000016670000
0x0000000017faead0:   0000000000000000 0000000000000000
0x0000000017faeae0:   0000000017faebb0 0000000052ef3dca
0x0000000017faeaf0:   0000000016681800 0000000016670000
0x0000000017faeb00:   00000000189f15e0 0000000016670000
0x0000000017faeb10:   00000000181b1ab0 0000000052eef1d4 

Instructions: (pc=0x0000000052f23682)
0x0000000052f23662:   48 63 d2 33 ff 48 8b 1c d0 45 8b e1 4d 8b e8 4c
0x0000000052f23672:   8b f1 48 85 db 74 4a 8b 6c 24 60 0f 1f 00 ff c7
0x0000000052f23682:   39 2b 75 16 48 8b 73 10 45 8b c4 49 8b d5 48 8b
0x0000000052f23692:   ce e8 a8 28 0c 00 84 c0 75 48 48 8b 5b 08 48 83 


Register to memory mapping:

RAX=0x0000000002c0e330 is an unknown value
RBX=0x000000000ac4ad48 is an unknown value
RCX=0x0000000002c028e0 is an unknown value
RDX=0x0000000000002786 is an unknown value
RSP=0x0000000017faea20 is pointing into the stack for thread: 0x0000000016670000
RBP=0x0000000092e6468e is an unknown value
RSI=0x0000000000000032 is an unknown value
RDI=0x0000000000000001 is an unknown value
R8 =0x000000001d37aba1 is an unknown value
R9 =0x0000000000000032 is an unknown value
R10=0x000000000000021c is an unknown value
R11=0x000000001d37aba0 is an unknown value
R12=0x0000000000000032 is an unknown value
R13=0x000000001d37aba1 is an unknown value
R14=0x0000000002c028e0 is an unknown value
R15=0x0000000000000000 is an unknown value


Stack: [0x0000000017eb0000,0x0000000017fb0000],  sp=0x0000000017faea20,  free space=1018k
Native frames: (J=compiled Java code, j=interpreted, Vv=VM code, C=native code)
V  [jvm.dll+0x53682]
V  [jvm.dll+0x54d30]
V  [jvm.dll+0xb13b]
V  [jvm.dll+0x214f6]
V  [jvm.dll+0x15c48]
V  [jvm.dll+0x1f3ca]
V  [jvm.dll+0x1f5d9]
V  [jvm.dll+0xc038]
V  [jvm.dll+0xc14a]
V  [jvm.dll+0x23b9d]
V  [jvm.dll+0x3ea0d8]
V  [jvm.dll+0x3ed437]
V  [jvm.dll+0x3edd2d]
V  [jvm.dll+0x3ee122]
V  [jvm.dll+0x3f3235]
V  [jvm.dll+0x3f3340]
V  [jvm.dll+0x3dc948]
V  [jvm.dll+0x3dcbb1]
V  [jvm.dll+0x3dcd72]
V  [jvm.dll+0x3dcf41]
V  [jvm.dll+0x3dd14f]
V  [jvm.dll+0x81fbf]
V  [jvm.dll+0x8291f]
V  [jvm.dll+0x21db3f]
V  [jvm.dll+0x26f53a]
C  [msvcr100.dll+0x21d9f]
C  [msvcr100.dll+0x21e3b]
C  [KERNEL32.DLL+0x17bd4]
C  [ntdll.dll+0x6ce51]


Current CompileTask:
C1:1042640 4889       3       groovy.lang.MetaClassImpl$MethodIndexAction::iterate (119 bytes)


---------------  P R O C E S S  ---------------

Java Threads: ( => current thread )
  0x000000001ad1c000 JavaThread "Cache worker for cache directory md-rule (C:\Users\RHEA SRIVASTAVA\.gradle\caches\5.6.4\md-rule)" [_thread_blocked, id=12072, stack(0x000000001fad0000,0x000000001fbd0000)]
  0x000000001ad14800 JavaThread "Cache worker for cache directory md-supplier (C:\Users\RHEA SRIVASTAVA\.gradle\caches\5.6.4\md-supplier)" [_thread_blocked, id=20732, stack(0x000000001e9a0000,0x000000001eaa0000)]
  0x000000001ad1b000 JavaThread "Cache worker for file hash cache (C:\Users\RHEA SRIVASTAVA\AndroidStudioProjects\PIXIES_PROJECT\.gradle\5.6.4\fileHashes)" [_thread_blocked, id=18260, stack(0x000000001bcd0000,0x000000001bdd0000)]
  0x000000001ad13800 JavaThread "Thread-39" [_thread_blocked, id=8628, stack(0x000000001bbd0000,0x000000001bcd0000)]
  0x000000001ad1a800 JavaThread "Stdin handler" [_thread_blocked, id=13632, stack(0x000000001bad0000,0x000000001bbd0000)]
  0x000000001ad13000 JavaThread "Asynchronous log dispatcher for DefaultDaemonConnection: socket connection from /127.0.0.1:63153 to /127.0.0.1:63533" [_thread_blocked, id=6996, stack(0x000000001b7d0000,0x000000001b8d0000)]
  0x000000001ad19800 JavaThread "Daemon worker Thread 3" [_thread_in_native, id=12368, stack(0x000000001b6d0000,0x000000001b7d0000)]
  0x000000001ad16000 JavaThread "Cancel handler" [_thread_blocked, id=16096, stack(0x0000000002900000,0x0000000002a00000)]
  0x000000001ad19000 JavaThread "Handler for socket connection from /127.0.0.1:63153 to /127.0.0.1:63533" [_thread_in_native, id=6256, stack(0x0000000000ff0000,0x00000000010f0000)]
  0x000000001ad18000 JavaThread "Daemon Thread 3" [_thread_blocked, id=21244, stack(0x0000000000ef0000,0x0000000000ff0000)]
  0x000000001ad16800 JavaThread "Cache worker for execution history cache (C:\Users\RHEA SRIVASTAVA\.gradle\caches\5.6.4\executionHistory)" [_thread_blocked, id=20232, stack(0x000000001bdd0000,0x000000001bed0000)]
  0x0000000019276000 JavaThread "Cache worker for journal cache (C:\Users\RHEA SRIVASTAVA\.gradle\caches\journal-1)" [_thread_blocked, id=21124, stack(0x000000001c3d0000,0x000000001c4d0000)]
  0x0000000019275800 JavaThread "File lock request listener" [_thread_in_native, id=15296, stack(0x000000001c2d0000,0x000000001c3d0000)]
  0x0000000019273000 JavaThread "Cache worker for file hash cache (C:\Users\RHEA SRIVASTAVA\.gradle\caches\5.6.4\fileHashes)" [_thread_blocked, id=10212, stack(0x000000001c1d0000,0x000000001c2d0000)]
  0x0000000019d50800 JavaThread "Daemon periodic checks" [_thread_blocked, id=4080, stack(0x000000001b5d0000,0x000000001b6d0000)]
  0x0000000019d54000 JavaThread "Incoming local TCP Connector on port 63153" [_thread_in_native, id=7880, stack(0x000000001b390000,0x000000001b490000)]
  0x0000000018291000 JavaThread "Daemon health stats" [_thread_blocked, id=7648, stack(0x000000001ad50000,0x000000001ae50000)]
  0x0000000017fe0800 JavaThread "Service Thread" daemon [_thread_blocked, id=21256, stack(0x00000000183b0000,0x00000000184b0000)]
=>0x0000000016670000 JavaThread "C1 CompilerThread2" daemon [_thread_in_vm, id=6160, stack(0x0000000017eb0000,0x0000000017fb0000)]
  0x0000000016661800 JavaThread "C2 CompilerThread1" daemon [_thread_blocked, id=13424, stack(0x0000000017db0000,0x0000000017eb0000)]
  0x000000001665e800 JavaThread "C2 CompilerThread0" daemon [_thread_blocked, id=4764, stack(0x0000000017cb0000,0x0000000017db0000)]
  0x000000001665d800 JavaThread "Attach Listener" daemon [_thread_blocked, id=17744, stack(0x0000000017bb0000,0x0000000017cb0000)]
  0x000000001665c800 JavaThread "Signal Dispatcher" daemon [_thread_blocked, id=8408, stack(0x0000000017ab0000,0x0000000017bb0000)]
  0x0000000002ced800 JavaThread "Finalizer" daemon [_thread_blocked, id=15832, stack(0x00000000178b0000,0x00000000179b0000)]
  0x0000000016649000 JavaThread "Reference Handler" daemon [_thread_blocked, id=14060, stack(0x00000000177b0000,0x00000000178b0000)]
  0x0000000002aee800 JavaThread "main" [_thread_blocked, id=10944, stack(0x0000000002af0000,0x0000000002bf0000)]

Other Threads:
  0x0000000016626000 VMThread [stack: 0x00000000176b0000,0x00000000177b0000] [id=9524]
  0x0000000017fe9000 WatcherThread [stack: 0x00000000184b0000,0x00000000185b0000] [id=8508]

VM state:not at safepoint (normal execution)

VM Mutex/Monitor currently owned by a thread: None

heap address: 0x00000000a0000000, size: 1536 MB, Compressed Oops mode: 32-bit
Narrow klass base: 0x0000000000000000, Narrow klass shift: 3
Compressed class space size: 1073741824 Address: 0x0000000100000000

Heap:
 PSYoungGen      total 34816K, used 22194K [0x00000000e0000000, 0x00000000e2c80000, 0x0000000100000000)
  eden space 26112K, 74% used [0x00000000e0000000,0x00000000e12e4080,0x00000000e1980000)
  from space 8704K, 32% used [0x00000000e2400000,0x00000000e26c8908,0x00000000e2c80000)
  to   space 9728K, 0% used [0x00000000e1980000,0x00000000e1980000,0x00000000e2300000)
 ParOldGen       total 60928K, used 18274K [0x00000000a0000000, 0x00000000a3b80000, 0x00000000e0000000)
  object space 60928K, 29% used [0x00000000a0000000,0x00000000a11d88e0,0x00000000a3b80000)
 Metaspace       used 38581K, capacity 39738K, committed 39808K, reserved 1083392K
  class space    used 5202K, capacity 5488K, committed 5504K, reserved 1048576K

Card table byte_map: [0x00000000120b0000,0x00000000123c0000] byte_map_base: 0x0000000011bb0000

Marking Bits: (ParMarkBitMap*) 0x0000000053699f30
 Begin Bits: [0x00000000129c0000, 0x00000000141c0000)
 End Bits:   [0x00000000141c0000, 0x00000000159c0000)

Polling page: 0x00000000028e0000

CodeCache: size=245760Kb used=14008Kb max_used=14019Kb free=231751Kb
 bounds [0x0000000002cf0000, 0x0000000003ac0000, 0x0000000011cf0000]
 total_blobs=5036 nmethods=4328 adapters=621
 compilation: enabled

Compilation events (10 events):
Event: 1042.105 Thread 0x0000000016670000 nmethod 4886 0x0000000002e97c90 code [0x0000000002e97de0, 0x0000000002e97ef0]
Event: 1042.149 Thread 0x000000001665e800 nmethod 4872 0x0000000003aa3510 code [0x0000000003aa3740, 0x0000000003aa59f8]
Event: 1042.150 Thread 0x000000001665e800 4884       4       sun.net.www.protocol.file.Handler::hostsEqual (69 bytes)
Event: 1042.156 Thread 0x0000000016661800 nmethod 4873 0x0000000003aac590 code [0x0000000003aac7c0, 0x0000000003aaeb38]
Event: 1042.181 Thread 0x000000001665e800 nmethod 4884 0x0000000003ab28d0 code [0x0000000003ab2ac0, 0x0000000003ab4438]
Event: 1042.506 Thread 0x0000000016670000 4887  s    3       java.lang.ClassValue$ClassValueMap::finishEntry (117 bytes)
Event: 1042.508 Thread 0x0000000016661800 4888       4       org.codehaus.groovy.reflection.CachedMethod::isStatic (8 bytes)
Event: 1042.509 Thread 0x0000000016670000 nmethod 4887 0x0000000003aaa7d0 code [0x0000000003aaaa40, 0x0000000003aabe58]
Event: 1042.509 Thread 0x0000000016670000 4889       3       groovy.lang.MetaClassImpl$MethodIndexAction::iterate (119 bytes)
Event: 1042.510 Thread 0x0000000016661800 nmethod 4888 0x0000000003a4a010 code [0x0000000003a4a140, 0x0000000003a4a1d8]

GC Heap History (10 events):
Event: 173.082 GC heap before
{Heap before GC invocations=14 (full 1):
 PSYoungGen      total 37888K, used 31456K [0x00000000e0000000, 0x00000000e2f80000, 0x0000000100000000)
  eden space 28160K, 100% used [0x00000000e0000000,0x00000000e1b80000,0x00000000e1b80000)
  from space 9728K, 33% used [0x00000000e2600000,0x00000000e2938010,0x00000000e2f80000)
  to   space 10240K, 0% used [0x00000000e1b80000,0x00000000e1b80000,0x00000000e2580000)
 ParOldGen       total 44544K, used 14093K [0x00000000a0000000, 0x00000000a2b80000, 0x00000000e0000000)
  object space 44544K, 31% used [0x00000000a0000000,0x00000000a0dc3750,0x00000000a2b80000)
 Metaspace       used 34276K, capacity 34964K, committed 35200K, reserved 1079296K
  class space    used 4723K, capacity 4930K, committed 4992K, reserved 1048576K
Event: 173.087 GC heap after
Heap after GC invocations=14 (full 1):
 PSYoungGen      total 29696K, used 2038K [0x00000000e0000000, 0x00000000e2f00000, 0x0000000100000000)
  eden space 27648K, 0% used [0x00000000e0000000,0x00000000e0000000,0x00000000e1b00000)
  from space 2048K, 99% used [0x00000000e1b80000,0x00000000e1d7d9e0,0x00000000e1d80000)
  to   space 10240K, 0% used [0x00000000e2500000,0x00000000e2500000,0x00000000e2f00000)
 ParOldGen       total 44544K, used 15849K [0x00000000a0000000, 0x00000000a2b80000, 0x00000000e0000000)
  object space 44544K, 35% used [0x00000000a0000000,0x00000000a0f7a760,0x00000000a2b80000)
 Metaspace       used 34276K, capacity 34964K, committed 35200K, reserved 1079296K
  class space    used 4723K, capacity 4930K, committed 4992K, reserved 1048576K
}
Event: 173.194 GC heap before
{Heap before GC invocations=15 (full 1):
 PSYoungGen      total 29696K, used 10196K [0x00000000e0000000, 0x00000000e2f00000, 0x0000000100000000)
  eden space 27648K, 29% used [0x00000000e0000000,0x00000000e07f77f8,0x00000000e1b00000)
  from space 2048K, 99% used [0x00000000e1b80000,0x00000000e1d7d9e0,0x00000000e1d80000)
  to   space 10240K, 0% used [0x00000000e2500000,0x00000000e2500000,0x00000000e2f00000)
 ParOldGen       total 44544K, used 15849K [0x00000000a0000000, 0x00000000a2b80000, 0x00000000e0000000)
  object space 44544K, 35% used [0x00000000a0000000,0x00000000a0f7a760,0x00000000a2b80000)
 Metaspace       used 34613K, capacity 35386K, committed 35496K, reserved 1079296K
  class space    used 4773K, capacity 5028K, committed 5120K, reserved 1048576K
Event: 173.197 GC heap after
Heap after GC invocations=15 (full 1):
 PSYoungGen      total 36864K, used 752K [0x00000000e0000000, 0x00000000e2e80000, 0x0000000100000000)
  eden space 27136K, 0% used [0x00000000e0000000,0x00000000e0000000,0x00000000e1a80000)
  from space 9728K, 7% used [0x00000000e2500000,0x00000000e25bc180,0x00000000e2e80000)
  to   space 10240K, 0% used [0x00000000e1a80000,0x00000000e1a80000,0x00000000e2480000)
 ParOldGen       total 44544K, used 17021K [0x00000000a0000000, 0x00000000a2b80000, 0x00000000e0000000)
  object space 44544K, 38% used [0x00000000a0000000,0x00000000a109f790,0x00000000a2b80000)
 Metaspace       used 34613K, capacity 35386K, committed 35496K, reserved 1079296K
  class space    used 4773K, capacity 5028K, committed 5120K, reserved 1048576K
}
Event: 173.197 GC heap before
{Heap before GC invocations=16 (full 2):
 PSYoungGen      total 36864K, used 752K [0x00000000e0000000, 0x00000000e2e80000, 0x0000000100000000)
  eden space 27136K, 0% used [0x00000000e0000000,0x00000000e0000000,0x00000000e1a80000)
  from space 9728K, 7% used [0x00000000e2500000,0x00000000e25bc180,0x00000000e2e80000)
  to   space 10240K, 0% used [0x00000000e1a80000,0x00000000e1a80000,0x00000000e2480000)
 ParOldGen       total 44544K, used 17021K [0x00000000a0000000, 0x00000000a2b80000, 0x00000000e0000000)
  object space 44544K, 38% used [0x00000000a0000000,0x00000000a109f790,0x00000000a2b80000)
 Metaspace       used 34613K, capacity 35386K, committed 35496K, reserved 1079296K
  class space    used 4773K, capacity 5028K, committed 5120K, reserved 1048576K
Event: 173.318 GC heap after
Heap after GC invocations=16 (full 2):
 PSYoungGen      total 36864K, used 0K [0x00000000e0000000, 0x00000000e2e80000, 0x0000000100000000)
  eden space 27136K, 0% used [0x00000000e0000000,0x00000000e0000000,0x00000000e1a80000)
  from space 9728K, 0% used [0x00000000e2500000,0x00000000e2500000,0x00000000e2e80000)
  to   space 10240K, 0% used [0x00000000e1a80000,0x00000000e1a80000,0x00000000e2480000)
 ParOldGen       total 60928K, used 16508K [0x00000000a0000000, 0x00000000a3b80000, 0x00000000e0000000)
  object space 60928K, 27% used [0x00000000a0000000,0x00000000a101f040,0x00000000a3b80000)
 Metaspace       used 34613K, capacity 35386K, committed 35496K, reserved 1079296K
  class space    used 4773K, capacity 5028K, committed 5120K, reserved 1048576K
}
Event: 187.934 GC heap before
{Heap before GC invocations=17 (full 2):
 PSYoungGen      total 36864K, used 27136K [0x00000000e0000000, 0x00000000e2e80000, 0x0000000100000000)
  eden space 27136K, 100% used [0x00000000e0000000,0x00000000e1a80000,0x00000000e1a80000)
  from space 9728K, 0% used [0x00000000e2500000,0x00000000e2500000,0x00000000e2e80000)
  to   space 10240K, 0% used [0x00000000e1a80000,0x00000000e1a80000,0x00000000e2480000)
 ParOldGen       total 60928K, used 16508K [0x00000000a0000000, 0x00000000a3b80000, 0x00000000e0000000)
  object space 60928K, 27% used [0x00000000a0000000,0x00000000a101f040,0x00000000a3b80000)
 Metaspace       used 35880K, capacity 36814K, committed 36992K, reserved 1081344K
  class space    used 4934K, capacity 5210K, committed 5248K, reserved 1048576K
Event: 187.941 GC heap after
Heap after GC invocations=17 (full 2):
 PSYoungGen      total 29696K, used 2762K [0x00000000e0000000, 0x00000000e2e00000, 0x0000000100000000)
  eden space 26624K, 0% used [0x00000000e0000000,0x00000000e0000000,0x00000000e1a00000)
  from space 3072K, 89% used [0x00000000e1a80000,0x00000000e1d32930,0x00000000e1d80000)
  to   space 10240K, 0% used [0x00000000e2400000,0x00000000e2400000,0x00000000e2e00000)
 ParOldGen       total 60928K, used 16516K [0x00000000a0000000, 0x00000000a3b80000, 0x00000000e0000000)
  object space 60928K, 27% used [0x00000000a0000000,0x00000000a1021040,0x00000000a3b80000)
 Metaspace       used 35880K, capacity 36814K, committed 36992K, reserved 1081344K
  class space    used 4934K, capacity 5210K, committed 5248K, reserved 1048576K
}
Event: 954.982 GC heap before
{Heap before GC invocations=18 (full 2):
 PSYoungGen      total 29696K, used 29386K [0x00000000e0000000, 0x00000000e2e00000, 0x0000000100000000)
  eden space 26624K, 100% used [0x00000000e0000000,0x00000000e1a00000,0x00000000e1a00000)
  from space 3072K, 89% used [0x00000000e1a80000,0x00000000e1d32930,0x00000000e1d80000)
  to   space 10240K, 0% used [0x00000000e2400000,0x00000000e2400000,0x00000000e2e00000)
 ParOldGen       total 60928K, used 16516K [0x00000000a0000000, 0x00000000a3b80000, 0x00000000e0000000)
  object space 60928K, 27% used [0x00000000a0000000,0x00000000a1021040,0x00000000a3b80000)
 Metaspace       used 38134K, capacity 39286K, committed 39552K, reserved 1083392K
  class space    used 5178K, capacity 5458K, committed 5504K, reserved 1048576K
Event: 954.991 GC heap after
Heap after GC invocations=18 (full 2):
 PSYoungGen      total 34816K, used 2850K [0x00000000e0000000, 0x00000000e2c80000, 0x0000000100000000)
  eden space 26112K, 0% used [0x00000000e0000000,0x00000000e0000000,0x00000000e1980000)
  from space 8704K, 32% used [0x00000000e2400000,0x00000000e26c8908,0x00000000e2c80000)
  to   space 9728K, 0% used [0x00000000e1980000,0x00000000e1980000,0x00000000e2300000)
 ParOldGen       total 60928K, used 18274K [0x00000000a0000000, 0x00000000a3b80000, 0x00000000e0000000)
  object space 60928K, 29% used [0x00000000a0000000,0x00000000a11d88e0,0x00000000a3b80000)
 Metaspace       used 38134K, capacity 39286K, committed 39552K, reserved 1083392K
  class space    used 5178K, capacity 5458K, committed 5504K, reserved 1048576K
}

Deoptimization events (10 events):
Event: 325.380 Thread 0x0000000019274000 Uncommon trap: reason=class_check action=maybe_recompile pc=0x0000000003424de8 method=java.util.concurrent.locks.ReentrantLock.lock()V @ 4
Event: 325.393 Thread 0x000000001926f800 Uncommon trap: reason=class_check action=maybe_recompile pc=0x0000000003424de8 method=java.util.concurrent.locks.ReentrantLock.lock()V @ 4
Event: 325.839 Thread 0x0000000018e9b800 Uncommon trap: reason=unstable_if action=reinterpret pc=0x0000000002e9d578 method=org.gradle.launcher.daemon.server.exec.DaemonConnectionBackedEventConsumer$ForwardEvents.moreMessagesToSend()Z @ 11
Event: 325.875 Thread 0x0000000019e69800 Uncommon trap: reason=class_check action=maybe_recompile pc=0x0000000002e5a474 method=java.util.concurrent.LinkedBlockingQueue.poll(JLjava/util/concurrent/TimeUnit;)Ljava/lang/Object; @ 8
Event: 326.702 Thread 0x000000001939e800 Uncommon trap: reason=unstable_if action=reinterpret pc=0x000000000371f4ac method=com.esotericsoftware.kryo.io.Input.require(I)I @ 180
Event: 969.535 Thread 0x000000001ad19800 Uncommon trap: reason=class_check action=maybe_recompile pc=0x0000000002e5a474 method=java.util.concurrent.LinkedBlockingQueue.poll(JLjava/util/concurrent/TimeUnit;)Ljava/lang/Object; @ 8
Event: 969.830 Thread 0x000000001ad14800 Uncommon trap: reason=bimorphic action=maybe_recompile pc=0x0000000003305078 method=java.util.AbstractCollection.addAll(Ljava/util/Collection;)Z @ 29
Event: 970.211 Thread 0x000000001ad1c000 Uncommon trap: reason=class_check action=maybe_recompile pc=0x0000000003424de8 method=java.util.concurrent.locks.ReentrantLock.lock()V @ 4
Event: 970.305 Thread 0x000000001ad19800 Uncommon trap: reason=class_check action=maybe_recompile pc=0x0000000002e5a474 method=java.util.concurrent.LinkedBlockingQueue.poll(JLjava/util/concurrent/TimeUnit;)Ljava/lang/Object; @ 8
Event: 1042.048 Thread 0x000000001ad18000 Uncommon trap: reason=class_check action=maybe_recompile pc=0x0000000002e5a474 method=java.util.concurrent.LinkedBlockingQueue.poll(JLjava/util/concurrent/TimeUnit;)Ljava/lang/Object; @ 8

Classes redefined (0 events):
No events

Internal exceptions (10 events):
Event: 309.700 Thread 0x0000000018c81000 Exception <a 'java/lang/ClassNotFoundException': org/gradle/api/tasks/DeleteCustomizer> (0x00000000e0963e38) thrown at [D:\src\AOSP-openjdk-cygwin\jdk8u\hotspot\src\share\vm\classfile\systemDictionary.cpp, line 210]
Event: 309.702 Thread 0x0000000018c81000 Exception <a 'java/lang/ClassNotFoundException': org/gradle/api/tasks/Delete_DecoratedCustomizer> (0x00000000e09b0db8) thrown at [D:\src\AOSP-openjdk-cygwin\jdk8u\hotspot\src\share\vm\classfile\systemDictionary.cpp, line 210]
Event: 325.864 Thread 0x0000000019e69800 Exception <a 'java/lang/NoSuchMethodError': <clinit>> (0x00000000e15d7aa8) thrown at [D:\src\AOSP-openjdk-cygwin\jdk8u\hotspot\src\share\vm\prims\jni.cpp, line 1614]
Event: 325.866 Thread 0x0000000019e69800 Exception <a 'java/lang/NoSuchMethodError': <clinit>> (0x00000000e15e3440) thrown at [D:\src\AOSP-openjdk-cygwin\jdk8u\hotspot\src\share\vm\prims\jni.cpp, line 1614]
Event: 969.702 Thread 0x000000001ad14800 Exception <a 'java/lang/ClassNotFoundException': sync_studio_tooling3_nlle20378o3eh5o8p6xzyfvpBeanInfo> (0x00000000e0205e90) thrown at [D:\src\AOSP-openjdk-cygwin\jdk8u\hotspot\src\share\vm\classfile\systemDictionary.cpp, line 210]
Event: 969.702 Thread 0x000000001ad14800 Exception <a 'java/lang/ClassNotFoundException': sync_studio_tooling3_nlle20378o3eh5o8p6xzyfvpCustomizer> (0x00000000e0214280) thrown at [D:\src\AOSP-openjdk-cygwin\jdk8u\hotspot\src\share\vm\classfile\systemDictionary.cpp, line 210]
Event: 969.770 Thread 0x000000001ad14800 Exception <a 'java/lang/ClassNotFoundException': sync_studio_tooling3_nlle20378o3eh5o8p6xzyfvpBeanInfo> (0x00000000e032a848) thrown at [D:\src\AOSP-openjdk-cygwin\jdk8u\hotspot\src\share\vm\classfile\systemDictionary.cpp, line 210]
Event: 969.770 Thread 0x000000001ad14800 Exception <a 'java/lang/ClassNotFoundException': sync_studio_tooling3_nlle20378o3eh5o8p6xzyfvpCustomizer> (0x00000000e0338b88) thrown at [D:\src\AOSP-openjdk-cygwin\jdk8u\hotspot\src\share\vm\classfile\systemDictionary.cpp, line 210]
Event: 1042.511 Thread 0x000000001ad19800 Exception <a 'java/lang/ClassNotFoundException': sync_studio_tooling7_1w24ggmy0arizeh61and9p12eBeanInfo> (0x00000000e119feb0) thrown at [D:\src\AOSP-openjdk-cygwin\jdk8u\hotspot\src\share\vm\classfile\systemDictionary.cpp, line 210]
Event: 1042.512 Thread 0x000000001ad19800 Exception <a 'java/lang/ClassNotFoundException': sync_studio_tooling7_1w24ggmy0arizeh61and9p12eCustomizer> (0x00000000e11ae600) thrown at [D:\src\AOSP-openjdk-cygwin\jdk8u\hotspot\src\share\vm\classfile\systemDictionary.cpp, line 210]

Events (10 events):
Event: 1042.512 loading class sync_studio_tooling7_1w24ggmy0arizeh61and9p12eCustomizer
Event: 1042.512 loading class sync_studio_tooling7_1w24ggmy0arizeh61and9p12eCustomizer done
Event: 1042.513 loading class org/codehaus/groovy/reflection/ClassInfo
Event: 1042.513 loading class org/codehaus/groovy/reflection/ClassInfo done
Event: 1042.542 loading class org/codehaus/groovy/runtime/GeneratedClosure
Event: 1042.542 loading class org/codehaus/groovy/runtime/GeneratedClosure done
Event: 1042.542 loading class groovy/lang/Closure
Event: 1042.542 loading class groovy/lang/Closure done
Event: 1042.543 loading class groovy/runtime/metaclass/sync_studio_tooling7_1w24ggmy0arizeh61and9p12e$_run_closure1MetaClass
Event: 1042.543 loading class groovy/runtime/metaclass/sync_studio_tooling7_1w24ggmy0arizeh61and9p12e$_run_closure1MetaClass done


Dynamic libraries:
0x00007ff6c7260000 - 0x00007ff6c7291000 	C:\Program Files\Android\Android Studio1\jre\bin\java.exe
0x00007ffa9c5e0000 - 0x00007ffa9c7d0000 	C:\WINDOWS\SYSTEM32\ntdll.dll
0x00007ffa9aa30000 - 0x00007ffa9aae2000 	C:\WINDOWS\System32\KERNEL32.DLL
0x00007ffa999a0000 - 0x00007ffa99c43000 	C:\WINDOWS\System32\KERNELBASE.dll
0x00007ffa9bd30000 - 0x00007ffa9bdd3000 	C:\WINDOWS\System32\ADVAPI32.dll
0x00007ffa9b370000 - 0x00007ffa9b40e000 	C:\WINDOWS\System32\msvcrt.dll
0x00007ffa9b5b0000 - 0x00007ffa9b647000 	C:\WINDOWS\System32\sechost.dll
0x00007ffa9a690000 - 0x00007ffa9a7b0000 	C:\WINDOWS\System32\RPCRT4.dll
0x00007ffa9b410000 - 0x00007ffa9b5a4000 	C:\WINDOWS\System32\USER32.dll
0x00007ffa99710000 - 0x00007ffa99731000 	C:\WINDOWS\System32\win32u.dll
0x00007ffa9a890000 - 0x00007ffa9a8b6000 	C:\WINDOWS\System32\GDI32.dll
0x00007ffa99570000 - 0x00007ffa99704000 	C:\WINDOWS\System32\gdi32full.dll
0x00007ffa9a3d0000 - 0x00007ffa9a46e000 	C:\WINDOWS\System32\msvcp_win.dll
0x00007ffa9a540000 - 0x00007ffa9a63a000 	C:\WINDOWS\System32\ucrtbase.dll
0x00007ffa988b0000 - 0x00007ffa98b35000 	C:\WINDOWS\WinSxS\amd64_microsoft.windows.common-controls_6595b64144ccf1df_6.0.18362.778_none_e6c6b761130d4fb8\COMCTL32.dll
0x00007ffa9b7a0000 - 0x00007ffa9bad6000 	C:\WINDOWS\System32\combase.dll
0x00007ffa997d0000 - 0x00007ffa99850000 	C:\WINDOWS\System32\bcryptPrimitives.dll
0x00007ffa9a980000 - 0x00007ffa9a9ae000 	C:\WINDOWS\System32\IMM32.DLL
0x0000000052d10000 - 0x0000000052de2000 	C:\Program Files\Android\Android Studio1\jre\jre\bin\msvcr100.dll
0x0000000052ed0000 - 0x0000000053716000 	C:\Program Files\Android\Android Studio1\jre\jre\bin\server\jvm.dll
0x00007ffa9a970000 - 0x00007ffa9a978000 	C:\WINDOWS\System32\PSAPI.DLL
0x00007ffa8f3f0000 - 0x00007ffa8f414000 	C:\WINDOWS\SYSTEM32\WINMM.dll
0x00007ffa8f690000 - 0x00007ffa8f69a000 	C:\WINDOWS\SYSTEM32\VERSION.dll
0x00007ffa8f3c0000 - 0x00007ffa8f3ed000 	C:\WINDOWS\SYSTEM32\WINMMBASE.dll
0x00007ffa971c0000 - 0x00007ffa971c9000 	C:\WINDOWS\SYSTEM32\WSOCK32.dll
0x00007ffa9a640000 - 0x00007ffa9a68a000 	C:\WINDOWS\System32\cfgmgr32.dll
0x00007ffa9bc50000 - 0x00007ffa9bcbf000 	C:\WINDOWS\System32\WS2_32.dll
0x00007ffa97350000 - 0x00007ffa9735f000 	C:\Program Files\Android\Android Studio1\jre\jre\bin\verify.dll
0x00007ffa8d2f0000 - 0x00007ffa8d319000 	C:\Program Files\Android\Android Studio1\jre\jre\bin\java.dll
0x00007ffa8d2d0000 - 0x00007ffa8d2e6000 	C:\Program Files\Android\Android Studio1\jre\jre\bin\zip.dll
0x00007ffa9bde0000 - 0x00007ffa9c4c5000 	C:\WINDOWS\System32\SHELL32.dll
0x00007ffa9a8c0000 - 0x00007ffa9a969000 	C:\WINDOWS\System32\shcore.dll
0x00007ffa99c50000 - 0x00007ffa9a3d0000 	C:\WINDOWS\System32\windows.storage.dll
0x00007ffa994b0000 - 0x00007ffa994d3000 	C:\WINDOWS\System32\profapi.dll
0x00007ffa99520000 - 0x00007ffa9956a000 	C:\WINDOWS\System32\powrprof.dll
0x00007ffa994a0000 - 0x00007ffa994b0000 	C:\WINDOWS\System32\UMPDC.dll
0x00007ffa9b150000 - 0x00007ffa9b1a2000 	C:\WINDOWS\System32\shlwapi.dll
0x00007ffa994e0000 - 0x00007ffa994f1000 	C:\WINDOWS\System32\kernel.appcore.dll
0x00007ffa9a520000 - 0x00007ffa9a537000 	C:\WINDOWS\System32\cryptsp.dll
0x00007ffa8d2b0000 - 0x00007ffa8d2ca000 	C:\Program Files\Android\Android Studio1\jre\jre\bin\net.dll
0x00007ffa8f960000 - 0x00007ffa8fb35000 	C:\WINDOWS\SYSTEM32\urlmon.dll
0x00007ffa8abe0000 - 0x00007ffa8ae86000 	C:\WINDOWS\SYSTEM32\iertutil.dll
0x00007ffa98820000 - 0x00007ffa9882c000 	C:\WINDOWS\SYSTEM32\CRYPTBASE.DLL
0x00007ffa98630000 - 0x00007ffa98697000 	C:\WINDOWS\system32\mswsock.dll
0x00007ffa8d290000 - 0x00007ffa8d2a3000 	C:\Program Files\Android\Android Studio1\jre\jre\bin\nio.dll
0x00007ffa6ce60000 - 0x00007ffa6ce86000 	C:\Users\RHEA SRIVASTAVA\.gradle\native\30\windows-amd64\native-platform.dll
0x00007ffa8d280000 - 0x00007ffa8d28d000 	C:\Program Files\Android\Android Studio1\jre\jre\bin\management.dll
0x00007ffa981a0000 - 0x00007ffa981d3000 	C:\WINDOWS\system32\rsaenh.dll
0x00007ffa997a0000 - 0x00007ffa997c6000 	C:\WINDOWS\System32\bcrypt.dll
0x00007ffa99390000 - 0x00007ffa993b5000 	C:\WINDOWS\SYSTEM32\USERENV.dll
0x00007ffa98340000 - 0x00007ffa9837a000 	C:\WINDOWS\SYSTEM32\IPHLPAPI.DLL
0x00007ffa9bc40000 - 0x00007ffa9bc48000 	C:\WINDOWS\System32\NSI.dll
0x00007ffa912c0000 - 0x00007ffa912d6000 	C:\WINDOWS\SYSTEM32\dhcpcsvc6.DLL
0x00007ffa91400000 - 0x00007ffa9141c000 	C:\WINDOWS\SYSTEM32\dhcpcsvc.DLL
0x00007ffa983d0000 - 0x00007ffa9849a000 	C:\WINDOWS\SYSTEM32\DNSAPI.dll
0x00007ffa98dc0000 - 0x00007ffa98fb4000 	C:\WINDOWS\SYSTEM32\dbghelp.dll

VM Arguments:
jvm_args: -Xmx1536m -Dfile.encoding=windows-1252 -Duser.country=US -Duser.language=en -Duser.variant 
java_command: org.gradle.launcher.daemon.bootstrap.GradleDaemon 5.6.4
java_class_path (initial): C:\Users\RHEA SRIVASTAVA\.gradle\wrapper\dists\gradle-5.6.4-all\ankdp27end7byghfw1q2sw75f\gradle-5.6.4\lib\gradle-launcher-5.6.4.jar
Launcher Type: SUN_STANDARD

Environment Variables:
PATH=C:\Program Files (x86)\Intel\iCLS Client\;C:\Program Files\Intel\iCLS Client\;C:\WINDOWS\system32;C:\WINDOWS;C:\WINDOWS\System32\Wbem;C:\WINDOWS\System32\WindowsPowerShell\v1.0\;C:\Program Files (x86)\Intel\Intel(R) Management Engine Components\DAL;C:\Program Files\Intel\Intel(R) Management Engine Components\DAL;C:\Program Files (x86)\Intel\Intel(R) Management Engine Components\IPT;C:\Program Files\Intel\Intel(R) Management Engine Components\IPT;C:\WINDOWS\System32\OpenSSH\;D:\MATLAB\R2017a\runtime\win64;D:\MATLAB\R2017a\bin;C:\Program Files\Intel\WiFi\bin\;C:\Program Files\Common Files\Intel\WirelessCommon\;C:\Program Files\Git\cmd;C:\Users\RHEA SRIVASTAVA\AppData\Local\Microsoft\WindowsApps;
USERNAME=RHEA SRIVASTAVA
OS=Windows_NT
PROCESSOR_IDENTIFIER=Intel64 Family 6 Model 78 Stepping 3, GenuineIntel



---------------  S Y S T E M  ---------------

OS: Windows 10.0 , 64 bit Build 18362 (10.0.18362.778)

CPU:total 4 (initial active 4) (2 cores per cpu, 2 threads per core) family 6 model 78 stepping 3, cmov, cx8, fxsr, mmx, sse, sse2, sse3, ssse3, sse4.1, sse4.2, popcnt, avx, avx2, aes, clmul, erms, 3dnowpref, lzcnt, ht, tsc, tscinvbit, bmi1, bmi2, adx

Memory: 4k page, physical 8244500k(1935252k free), swap 12261676k(4375296k free)

vm_info: OpenJDK 64-Bit Server VM (25.212-b04) for windows-amd64 JRE (1.8.0_212-release-1586-b04), built by "builder" with MS VC++ 10.0 (VS2010)

time: Fri May 15 10:10:09 2020
timezone: India Standard Time
elapsed time: 1042 seconds (0d 0h 17m 22s)

