#
# A fatal error has been detected by the Java Runtime Environment:
#
#  EXCEPTION_ACCESS_VIOLATION (0xc0000005) at pc=0x000000005333f660, pid=3988, tid=0x0000000000001b50
#
# JRE version: OpenJDK Runtime Environment (8.0_212-b04) (build 1.8.0_212-release-1586-b04)
# Java VM: OpenJDK 64-Bit Server VM (25.212-b04 mixed mode windows-amd64 compressed oops)
# Problematic frame:
# V  [jvm.dll+0x46f660]
#
# Failed to write core dump. Minidumps are not enabled by default on client versions of Windows
#
# If you would like to submit a bug report, please visit:
#   
#

---------------  T H R E A D  ---------------

Current thread (0x000000001691c800):  JavaThread "C2 CompilerThread0" daemon [_thread_in_native, id=6992, stack(0x0000000017f70000,0x0000000018070000)]

siginfo: ExceptionCode=0xc0000005, reading address 0x000000004369a650

Registers:
RAX=0x0000000000000000, RBX=0x000000001eb1b790, RCX=0x000000004369a650, RDX=0x0000000000000000
RSP=0x000000001806c1a0, RBP=0x0000000000000010, RSI=0x0000000000000080, RDI=0x000000001806c1f0
R8 =0x000000001ec70b90, R9 =0x00000000199bd660, R10=0x0000000052ed0000, R11=0x000000001806c0c0
R12=0x000000005369a650, R13=0x0000000052ed0000, R14=0x000000001841f068, R15=0x00000000000003d8
RIP=0x000000005333f660, EFLAGS=0x0000000000010246

Top of Stack: (sp=0x000000001806c1a0)
0x000000001806c1a0:   000000001806e970 000000001eb1af70
0x000000001806c1b0:   fffffffffffffff8 00000000168e5210
0x000000001806c1c0:   0000000000003892 000000005333a73f
0x000000001806c1d0:   000000001eb1b790 000000001eb1b790
0x000000001806c1e0:   0000000000003892 000000001806c2d0
0x000000001806c1f0:   0000000000000000 0000000000000008
0x000000001806c200:   000000004369a650 0000000000000000
0x000000001806c210:   000000001e56dde0 0000000000000046
0x000000001806c220:   000000001ec70b90 000000001806c5c0
0x000000001806c230:   000000001841ec90 000000001806c5c0
0x000000001806c240:   000000001841ec80 0000000053306de1
0x000000001806c250:   0000000000000000 000000001806c350
0x000000001806c260:   0000000000000000 0000000000000009
0x000000001806c270:   0000000000000006 000000001841ec80
0x000000001806c280:   00000000199b7220 00000000199bd830
0x000000001806c290:   00000000199bf208 0000000001590fb8 

Instructions: (pc=0x000000005333f660)
0x000000005333f640:   48 8b 4f 20 48 39 04 0e 0f 84 9d 00 00 00 48 8b
0x000000005333f650:   0c 0e 33 d2 33 c0 48 89 4f 10 66 0f 1f 44 00 00
0x000000005333f660:   83 3c 08 00 0f 85 36 01 00 00 ff c2 48 83 c0 04
0x000000005333f670:   83 fa 08 72 eb 48 8b 47 30 48 89 44 24 30 48 85 


Register to memory mapping:

RAX=0x0000000000000000 is an unknown value
RBX=0x000000001eb1b790 is an unknown value
RCX=0x000000004369a650 is an unknown value
RDX=0x0000000000000000 is an unknown value
RSP=0x000000001806c1a0 is pointing into the stack for thread: 0x000000001691c800
RBP=0x0000000000000010 is an unknown value
RSI=0x0000000000000080 is an unknown value
RDI=0x000000001806c1f0 is pointing into the stack for thread: 0x000000001691c800
R8 =0x000000001ec70b90 is an unknown value
R9 =0x00000000199bd660 is an unknown value
R10=0x0000000052ed0000 is an unknown value
R11=0x000000001806c0c0 is pointing into the stack for thread: 0x000000001691c800
R12=0x000000005369a650 is an unknown value
R13=0x0000000052ed0000 is an unknown value
R14=0x000000001841f068 is an unknown value
R15=0x00000000000003d8 is an unknown value


Stack: [0x0000000017f70000,0x0000000018070000],  sp=0x000000001806c1a0,  free space=1008k
Native frames: (J=compiled Java code, j=interpreted, Vv=VM code, C=native code)
V  [jvm.dll+0x46f660]
V  [jvm.dll+0x46a73f]
V  [jvm.dll+0x436de1]
V  [jvm.dll+0x44189b]
V  [jvm.dll+0x444198]
V  [jvm.dll+0x4272e2]
V  [jvm.dll+0x81fbf]
V  [jvm.dll+0x8291f]
V  [jvm.dll+0x21db3f]
V  [jvm.dll+0x26f53a]
C  [msvcr100.dll+0x21d9f]
C  [msvcr100.dll+0x21e3b]
C  [KERNEL32.DLL+0x17bd4]
C  [ntdll.dll+0x6ce51]


Current CompileTask:
C2:   3295 1497   !   4       java.net.URLClassLoader$1::run (63 bytes)


---------------  P R O C E S S  ---------------

Java Threads: ( => current thread )
  0x000000001a43f800 JavaThread "Cache worker for file hash cache (C:\Users\RHEA SRIVASTAVA\AndroidStudioProjects\PIXIES_PROJECT\.gradle\5.6.4\fileHashes)" [_thread_blocked, id=21808, stack(0x000000001ee10000,0x000000001ef10000)]
  0x000000001a440800 JavaThread "Cache worker for journal cache (C:\Users\RHEA SRIVASTAVA\.gradle\caches\journal-1)" [_thread_blocked, id=18088, stack(0x000000001c690000,0x000000001c790000)]
  0x000000001a43b000 JavaThread "File lock request listener" [_thread_in_native, id=9612, stack(0x000000001c590000,0x000000001c690000)]
  0x000000001a43e000 JavaThread "Cache worker for file hash cache (C:\Users\RHEA SRIVASTAVA\.gradle\caches\5.6.4\fileHashes)" [_thread_in_native, id=18728, stack(0x000000001c490000,0x000000001c590000)]
  0x000000001a183000 JavaThread "Thread-9" [_thread_blocked, id=16560, stack(0x000000001c190000,0x000000001c290000)]
  0x000000001a199000 JavaThread "Stdin handler" [_thread_blocked, id=20544, stack(0x000000001c090000,0x000000001c190000)]
  0x000000001a289000 JavaThread "Asynchronous log dispatcher for DefaultDaemonConnection: socket connection from /127.0.0.1:64226 to /127.0.0.1:64227" [_thread_blocked, id=20816, stack(0x000000001bf90000,0x000000001c090000)]
  0x000000001a18a000 JavaThread "Daemon worker" [_thread_blocked, id=756, stack(0x000000001be90000,0x000000001bf90000)]
  0x000000001a189000 JavaThread "Cancel handler" [_thread_blocked, id=21816, stack(0x000000001bd90000,0x000000001be90000)]
  0x000000001a21f800 JavaThread "Handler for socket connection from /127.0.0.1:64226 to /127.0.0.1:64227" [_thread_in_native, id=20072, stack(0x000000001ba90000,0x000000001bb90000)]
  0x000000001a21a000 JavaThread "Daemon" [_thread_blocked, id=21252, stack(0x000000001b990000,0x000000001ba90000)]
  0x0000000019b71000 JavaThread "Daemon periodic checks" [_thread_blocked, id=15208, stack(0x000000001b890000,0x000000001b990000)]
  0x0000000019d97800 JavaThread "Incoming local TCP Connector on port 64226" [_thread_in_native, id=13772, stack(0x000000001b650000,0x000000001b750000)]
  0x000000001a1a8000 JavaThread "Daemon health stats" [_thread_blocked, id=15188, stack(0x000000001b010000,0x000000001b110000)]
  0x0000000018290800 JavaThread "Service Thread" daemon [_thread_blocked, id=13888, stack(0x0000000018670000,0x0000000018770000)]
  0x000000001692a000 JavaThread "C1 CompilerThread2" daemon [_thread_blocked, id=16156, stack(0x0000000018170000,0x0000000018270000)]
  0x0000000016920000 JavaThread "C2 CompilerThread1" daemon [_thread_blocked, id=20740, stack(0x0000000018070000,0x0000000018170000)]
=>0x000000001691c800 JavaThread "C2 CompilerThread0" daemon [_thread_in_native, id=6992, stack(0x0000000017f70000,0x0000000018070000)]
  0x000000001691b000 JavaThread "Attach Listener" daemon [_thread_blocked, id=15356, stack(0x0000000017e70000,0x0000000017f70000)]
  0x000000001691a000 JavaThread "Signal Dispatcher" daemon [_thread_blocked, id=6916, stack(0x0000000017d70000,0x0000000017e70000)]
  0x0000000002edb000 JavaThread "Finalizer" daemon [_thread_blocked, id=10364, stack(0x0000000017b70000,0x0000000017c70000)]
  0x0000000016909000 JavaThread "Reference Handler" daemon [_thread_blocked, id=16416, stack(0x0000000017a70000,0x0000000017b70000)]
  0x0000000002fae800 JavaThread "main" [_thread_blocked, id=1608, stack(0x0000000002c30000,0x0000000002d30000)]

Other Threads:
  0x00000000168e6000 VMThread [stack: 0x0000000017970000,0x0000000017a70000] [id=13132]
  0x000000001697e000 WatcherThread [stack: 0x0000000018770000,0x0000000018870000] [id=1644]

VM state:not at safepoint (normal execution)

VM Mutex/Monitor currently owned by a thread: None

heap address: 0x00000000a0000000, size: 1536 MB, Compressed Oops mode: 32-bit
Narrow klass base: 0x0000000000000000, Narrow klass shift: 3
Compressed class space size: 1073741824 Address: 0x0000000100000000

Heap:
 PSYoungGen      total 70656K, used 56218K [0x00000000e0000000, 0x00000000e4a00000, 0x0000000100000000)
  eden space 65536K, 77% used [0x00000000e0000000,0x00000000e31eb780,0x00000000e4000000)
  from space 5120K, 99% used [0x00000000e4500000,0x00000000e49fb400,0x00000000e4a00000)
  to   space 5120K, 0% used [0x00000000e4000000,0x00000000e4000000,0x00000000e4500000)
 ParOldGen       total 86016K, used 3538K [0x00000000a0000000, 0x00000000a5400000, 0x00000000e0000000)
  object space 86016K, 4% used [0x00000000a0000000,0x00000000a0374ac8,0x00000000a5400000)
 Metaspace       used 18740K, capacity 19172K, committed 19328K, reserved 1064960K
  class space    used 2702K, capacity 2884K, committed 2944K, reserved 1048576K

Card table byte_map: [0x0000000012370000,0x0000000012680000] byte_map_base: 0x0000000011e70000

Marking Bits: (ParMarkBitMap*) 0x0000000053699f30
 Begin Bits: [0x0000000012c80000, 0x0000000014480000)
 End Bits:   [0x0000000014480000, 0x0000000015c80000)

Polling page: 0x0000000000f00000

CodeCache: size=245760Kb used=5893Kb max_used=5918Kb free=239866Kb
 bounds [0x0000000002fb0000, 0x0000000003580000, 0x0000000011fb0000]
 total_blobs=2107 nmethods=1695 adapters=325
 compilation: enabled

Compilation events (10 events):
Event: 3.205 Thread 0x000000001692a000 1695       1       com.google.common.cache.LocalCache$StrongAccessEntry::getNextInAccessQueue (5 bytes)
Event: 3.206 Thread 0x000000001692a000 nmethod 1695 0x0000000003549ed0 code [0x000000000354a020, 0x000000000354a130]
Event: 3.228 Thread 0x0000000016920000 nmethod 1437 0x0000000003557450 code [0x00000000035580a0, 0x0000000003564428]
Event: 3.228 Thread 0x0000000016920000 1676       4       java.io.DataInputStream::readFully (63 bytes)
Event: 3.229 Thread 0x0000000016920000 nmethod 1676 0x0000000003554410 code [0x0000000003554560, 0x0000000003554658]
Event: 3.229 Thread 0x0000000016920000 1537       4       sun.nio.cs.UTF_8$Decoder::decodeArrayLoop (691 bytes)
Event: 3.244 Thread 0x0000000016920000 nmethod 1537 0x000000000354f510 code [0x000000000354f7c0, 0x0000000003550810]
Event: 3.244 Thread 0x0000000016920000 1569       4       com.google.common.base.CharMatcher::indexIn (48 bytes)
Event: 3.247 Thread 0x0000000016920000 nmethod 1569 0x0000000003552910 code [0x0000000003552a60, 0x0000000003552cd8]
Event: 3.247 Thread 0x0000000016920000 1678  s    4       java.io.BufferedInputStream::read (113 bytes)

GC Heap History (8 events):
Event: 0.986 GC heap before
{Heap before GC invocations=1 (full 0):
 PSYoungGen      total 37888K, used 32768K [0x00000000e0000000, 0x00000000e2a00000, 0x0000000100000000)
  eden space 32768K, 100% used [0x00000000e0000000,0x00000000e2000000,0x00000000e2000000)
  from space 5120K, 0% used [0x00000000e2500000,0x00000000e2500000,0x00000000e2a00000)
  to   space 5120K, 0% used [0x00000000e2000000,0x00000000e2000000,0x00000000e2500000)
 ParOldGen       total 86016K, used 0K [0x00000000a0000000, 0x00000000a5400000, 0x00000000e0000000)
  object space 86016K, 0% used [0x00000000a0000000,0x00000000a0000000,0x00000000a5400000)
 Metaspace       used 6719K, capacity 6948K, committed 7040K, reserved 1056768K
  class space    used 817K, capacity 876K, committed 896K, reserved 1048576K
Event: 0.992 GC heap after
Heap after GC invocations=1 (full 0):
 PSYoungGen      total 37888K, used 4158K [0x00000000e0000000, 0x00000000e2a00000, 0x0000000100000000)
  eden space 32768K, 0% used [0x00000000e0000000,0x00000000e0000000,0x00000000e2000000)
  from space 5120K, 81% used [0x00000000e2000000,0x00000000e240f9c8,0x00000000e2500000)
  to   space 5120K, 0% used [0x00000000e2500000,0x00000000e2500000,0x00000000e2a00000)
 ParOldGen       total 86016K, used 8K [0x00000000a0000000, 0x00000000a5400000, 0x00000000e0000000)
  object space 86016K, 0% used [0x00000000a0000000,0x00000000a0002000,0x00000000a5400000)
 Metaspace       used 6719K, capacity 6948K, committed 7040K, reserved 1056768K
  class space    used 817K, capacity 876K, committed 896K, reserved 1048576K
}
Event: 1.288 GC heap before
{Heap before GC invocations=2 (full 0):
 PSYoungGen      total 37888K, used 36926K [0x00000000e0000000, 0x00000000e2a00000, 0x0000000100000000)
  eden space 32768K, 100% used [0x00000000e0000000,0x00000000e2000000,0x00000000e2000000)
  from space 5120K, 81% used [0x00000000e2000000,0x00000000e240f9c8,0x00000000e2500000)
  to   space 5120K, 0% used [0x00000000e2500000,0x00000000e2500000,0x00000000e2a00000)
 ParOldGen       total 86016K, used 8K [0x00000000a0000000, 0x00000000a5400000, 0x00000000e0000000)
  object space 86016K, 0% used [0x00000000a0000000,0x00000000a0002000,0x00000000a5400000)
 Metaspace       used 6928K, capacity 7196K, committed 7424K, reserved 1056768K
  class space    used 843K, capacity 916K, committed 1024K, reserved 1048576K
Event: 1.294 GC heap after
Heap after GC invocations=2 (full 0):
 PSYoungGen      total 37888K, used 3089K [0x00000000e0000000, 0x00000000e4a00000, 0x0000000100000000)
  eden space 32768K, 0% used [0x00000000e0000000,0x00000000e0000000,0x00000000e2000000)
  from space 5120K, 60% used [0x00000000e2500000,0x00000000e28044e0,0x00000000e2a00000)
  to   space 5120K, 0% used [0x00000000e2000000,0x00000000e2000000,0x00000000e2500000)
 ParOldGen       total 86016K, used 8K [0x00000000a0000000, 0x00000000a5400000, 0x00000000e0000000)
  object space 86016K, 0% used [0x00000000a0000000,0x00000000a0002000,0x00000000a5400000)
 Metaspace       used 6928K, capacity 7196K, committed 7424K, reserved 1056768K
  class space    used 843K, capacity 916K, committed 1024K, reserved 1048576K
}
Event: 2.205 GC heap before
{Heap before GC invocations=3 (full 0):
 PSYoungGen      total 37888K, used 35857K [0x00000000e0000000, 0x00000000e4a00000, 0x0000000100000000)
  eden space 32768K, 100% used [0x00000000e0000000,0x00000000e2000000,0x00000000e2000000)
  from space 5120K, 60% used [0x00000000e2500000,0x00000000e28044e0,0x00000000e2a00000)
  to   space 5120K, 0% used [0x00000000e2000000,0x00000000e2000000,0x00000000e2500000)
 ParOldGen       total 86016K, used 8K [0x00000000a0000000, 0x00000000a5400000, 0x00000000e0000000)
  object space 86016K, 0% used [0x00000000a0000000,0x00000000a0002000,0x00000000a5400000)
 Metaspace       used 12040K, capacity 12374K, committed 12544K, reserved 1060864K
  class space    used 1593K, capacity 1719K, committed 1792K, reserved 1048576K
Event: 2.213 GC heap after
Heap after GC invocations=3 (full 0):
 PSYoungGen      total 37888K, used 5104K [0x00000000e0000000, 0x00000000e4a00000, 0x0000000100000000)
  eden space 32768K, 0% used [0x00000000e0000000,0x00000000e0000000,0x00000000e2000000)
  from space 5120K, 99% used [0x00000000e2000000,0x00000000e24fc010,0x00000000e2500000)
  to   space 5120K, 0% used [0x00000000e4500000,0x00000000e4500000,0x00000000e4a00000)
 ParOldGen       total 86016K, used 1072K [0x00000000a0000000, 0x00000000a5400000, 0x00000000e0000000)
  object space 86016K, 1% used [0x00000000a0000000,0x00000000a010c348,0x00000000a5400000)
 Metaspace       used 12040K, capacity 12374K, committed 12544K, reserved 1060864K
  class space    used 1593K, capacity 1719K, committed 1792K, reserved 1048576K
}
Event: 2.497 GC heap before
{Heap before GC invocations=4 (full 0):
 PSYoungGen      total 37888K, used 37872K [0x00000000e0000000, 0x00000000e4a00000, 0x0000000100000000)
  eden space 32768K, 100% used [0x00000000e0000000,0x00000000e2000000,0x00000000e2000000)
  from space 5120K, 99% used [0x00000000e2000000,0x00000000e24fc010,0x00000000e2500000)
  to   space 5120K, 0% used [0x00000000e4500000,0x00000000e4500000,0x00000000e4a00000)
 ParOldGen       total 86016K, used 1072K [0x00000000a0000000, 0x00000000a5400000, 0x00000000e0000000)
  object space 86016K, 1% used [0x00000000a0000000,0x00000000a010c348,0x00000000a5400000)
 Metaspace       used 14528K, capacity 14934K, committed 15232K, reserved 1062912K
  class space    used 2018K, capacity 2127K, committed 2176K, reserved 1048576K
Event: 2.508 GC heap after
Heap after GC invocations=4 (full 0):
 PSYoungGen      total 70656K, used 5101K [0x00000000e0000000, 0x00000000e4a00000, 0x0000000100000000)
  eden space 65536K, 0% used [0x00000000e0000000,0x00000000e0000000,0x00000000e4000000)
  from space 5120K, 99% used [0x00000000e4500000,0x00000000e49fb400,0x00000000e4a00000)
  to   space 5120K, 0% used [0x00000000e4000000,0x00000000e4000000,0x00000000e4500000)
 ParOldGen       total 86016K, used 3538K [0x00000000a0000000, 0x00000000a5400000, 0x00000000e0000000)
  object space 86016K, 4% used [0x00000000a0000000,0x00000000a0374ac8,0x00000000a5400000)
 Metaspace       used 14528K, capacity 14934K, committed 15232K, reserved 1062912K
  class space    used 2018K, capacity 2127K, committed 2176K, reserved 1048576K
}

Deoptimization events (10 events):
Event: 2.194 Thread 0x000000001a18a000 Uncommon trap: reason=bimorphic action=maybe_recompile pc=0x000000000323928c method=java.util.HashMap.putVal(ILjava/lang/Object;Ljava/lang/Object;ZZ)Ljava/lang/Object; @ 253
Event: 2.195 Thread 0x000000001a18a000 Uncommon trap: reason=bimorphic action=maybe_recompile pc=0x000000000323928c method=java.util.HashMap.putVal(ILjava/lang/Object;Ljava/lang/Object;ZZ)Ljava/lang/Object; @ 253
Event: 2.195 Thread 0x000000001a18a000 Uncommon trap: reason=bimorphic action=maybe_recompile pc=0x000000000323928c method=java.util.HashMap.putVal(ILjava/lang/Object;Ljava/lang/Object;ZZ)Ljava/lang/Object; @ 253
Event: 2.382 Thread 0x000000001a18a000 Uncommon trap: reason=class_check action=maybe_recompile pc=0x00000000032a7618 method=java.util.regex.Matcher.match(II)Z @ 86
Event: 2.392 Thread 0x000000001a18a000 Uncommon trap: reason=class_check action=maybe_recompile pc=0x00000000032a7618 method=java.util.regex.Matcher.match(II)Z @ 86
Event: 2.393 Thread 0x000000001a18a000 Uncommon trap: reason=class_check action=maybe_recompile pc=0x00000000032a7618 method=java.util.regex.Matcher.match(II)Z @ 86
Event: 2.393 Thread 0x000000001a18a000 Uncommon trap: reason=class_check action=maybe_recompile pc=0x000000000312238c method=java.util.regex.Matcher.match(II)Z @ 86
Event: 2.746 Thread 0x000000001a18a000 Uncommon trap: reason=unstable_if action=reinterpret pc=0x0000000003450df4 method=java.lang.String.lastIndexOf([CII[CIII)I @ 66
Event: 2.839 Thread 0x000000001a18a000 Uncommon trap: reason=unstable_if action=reinterpret pc=0x00000000034b6a28 method=java.util.HashMap.putVal(ILjava/lang/Object;Ljava/lang/Object;ZZ)Ljava/lang/Object; @ 236
Event: 3.115 Thread 0x000000001a18a000 Uncommon trap: reason=unstable_if action=reinterpret pc=0x000000000328ab58 method=java.io.File.getName()Ljava/lang/String; @ 16

Classes redefined (0 events):
No events

Internal exceptions (10 events):
Event: 2.147 Thread 0x000000001a21f800 Exception <a 'java/lang/NoSuchMethodError': <clinit>> (0x00000000e1d113a8) thrown at [D:\src\AOSP-openjdk-cygwin\jdk8u\hotspot\src\share\vm\prims\jni.cpp, line 1614]
Event: 2.148 Thread 0x000000001a21f800 Exception <a 'java/lang/NoSuchMethodError': <clinit>> (0x00000000e1d29480) thrown at [D:\src\AOSP-openjdk-cygwin\jdk8u\hotspot\src\share\vm\prims\jni.cpp, line 1614]
Event: 2.149 Thread 0x000000001a21f800 Exception <a 'java/lang/NoSuchMethodError': <clinit>> (0x00000000e1d32110) thrown at [D:\src\AOSP-openjdk-cygwin\jdk8u\hotspot\src\share\vm\prims\jni.cpp, line 1614]
Event: 2.150 Thread 0x000000001a21f800 Exception <a 'java/lang/NoSuchMethodError': <clinit>> (0x00000000e1d487f8) thrown at [D:\src\AOSP-openjdk-cygwin\jdk8u\hotspot\src\share\vm\prims\jni.cpp, line 1614]
Event: 2.159 Thread 0x000000001a21f800 Exception <a 'java/lang/NoSuchMethodError': <clinit>> (0x00000000e1db2150) thrown at [D:\src\AOSP-openjdk-cygwin\jdk8u\hotspot\src\share\vm\prims\jni.cpp, line 1614]
Event: 2.168 Thread 0x000000001a21f800 Exception <a 'java/lang/NoSuchMethodError': <clinit>> (0x00000000e1ddecc8) thrown at [D:\src\AOSP-openjdk-cygwin\jdk8u\hotspot\src\share\vm\prims\jni.cpp, line 1614]
Event: 2.171 Thread 0x000000001a21f800 Exception <a 'java/lang/NoSuchMethodError': <clinit>> (0x00000000e1dfc7e8) thrown at [D:\src\AOSP-openjdk-cygwin\jdk8u\hotspot\src\share\vm\prims\jni.cpp, line 1614]
Event: 2.708 Thread 0x000000001a18a000 Exception <a 'java/lang/NoSuchMethodError': java.lang.Object.lambda$and$0(Ljava/util/function/Predicate;Ljava/lang/Object;)Z> (0x00000000e0ca6468) thrown at [D:\src\AOSP-openjdk-cygwin\jdk8u\hotspot\src\share\vm\interpreter\linkResolver.cpp, line 620]
Event: 2.718 Thread 0x000000001a18a000 Exception <a 'java/lang/IncompatibleClassChangeError': Found class java.lang.Object, but interface was expected> (0x00000000e0cbcb18) thrown at [D:\src\AOSP-openjdk-cygwin\jdk8u\hotspot\src\share\vm\interpreter\linkResolver.cpp, line 653]
Event: 2.721 Thread 0x000000001a18a000 Exception <a 'java/lang/NoSuchMethodError': java.lang.Object.lambda$or$2(Ljava/util/function/Predicate;Ljava/lang/Object;)Z> (0x00000000e0cc1a28) thrown at [D:\src\AOSP-openjdk-cygwin\jdk8u\hotspot\src\share\vm\interpreter\linkResolver.cpp, line 620]

Events (10 events):
Event: 3.180 loading class sun/nio/fs/WindowsPath$1
Event: 3.180 loading class sun/nio/fs/WindowsPath$1 done
Event: 3.181 loading class org/gradle/cache/internal/AsyncCacheAccessDecoratedCache$2
Event: 3.181 loading class org/gradle/cache/internal/AsyncCacheAccessDecoratedCache$2 done
Event: 3.183 loading class org/gradle/cache/internal/DefaultMultiProcessSafePersistentIndexedCache$2
Event: 3.183 loading class org/gradle/cache/internal/DefaultMultiProcessSafePersistentIndexedCache$2 done
Event: 3.186 loading class org/gradle/cache/internal/btree/BTreePersistentIndexedCache$DataBlockUpdateResult
Event: 3.186 loading class org/gradle/cache/internal/btree/BTreePersistentIndexedCache$DataBlockUpdateResult done
Event: 3.199 Thread 0x000000001a18a000 DEOPT PACKING pc=0x0000000003217628 sp=0x000000001bf8c8b0
Event: 3.199 Thread 0x000000001a18a000 DEOPT UNPACKING pc=0x0000000002ff75d0 sp=0x000000001bf8c700 mode 0


Dynamic libraries:
0x00007ff6c7260000 - 0x00007ff6c7291000 	C:\Program Files\Android\Android Studio1\jre\bin\java.exe
0x00007ffa9c5e0000 - 0x00007ffa9c7d0000 	C:\WINDOWS\SYSTEM32\ntdll.dll
0x00007ffa9aa30000 - 0x00007ffa9aae2000 	C:\WINDOWS\System32\KERNEL32.DLL
0x00007ffa999a0000 - 0x00007ffa99c43000 	C:\WINDOWS\System32\KERNELBASE.dll
0x00007ffa9bd30000 - 0x00007ffa9bdd3000 	C:\WINDOWS\System32\ADVAPI32.dll
0x00007ffa9b370000 - 0x00007ffa9b40e000 	C:\WINDOWS\System32\msvcrt.dll
0x00007ffa9b5b0000 - 0x00007ffa9b647000 	C:\WINDOWS\System32\sechost.dll
0x00007ffa9a690000 - 0x00007ffa9a7b0000 	C:\WINDOWS\System32\RPCRT4.dll
0x00007ffa9b410000 - 0x00007ffa9b5a4000 	C:\WINDOWS\System32\USER32.dll
0x00007ffa99710000 - 0x00007ffa99731000 	C:\WINDOWS\System32\win32u.dll
0x00007ffa9a890000 - 0x00007ffa9a8b6000 	C:\WINDOWS\System32\GDI32.dll
0x00007ffa99570000 - 0x00007ffa99704000 	C:\WINDOWS\System32\gdi32full.dll
0x00007ffa9a3d0000 - 0x00007ffa9a46e000 	C:\WINDOWS\System32\msvcp_win.dll
0x00007ffa9a540000 - 0x00007ffa9a63a000 	C:\WINDOWS\System32\ucrtbase.dll
0x00007ffa988b0000 - 0x00007ffa98b35000 	C:\WINDOWS\WinSxS\amd64_microsoft.windows.common-controls_6595b64144ccf1df_6.0.18362.778_none_e6c6b761130d4fb8\COMCTL32.dll
0x00007ffa9b7a0000 - 0x00007ffa9bad6000 	C:\WINDOWS\System32\combase.dll
0x00007ffa997d0000 - 0x00007ffa99850000 	C:\WINDOWS\System32\bcryptPrimitives.dll
0x00007ffa9a980000 - 0x00007ffa9a9ae000 	C:\WINDOWS\System32\IMM32.DLL
0x0000000052d10000 - 0x0000000052de2000 	C:\Program Files\Android\Android Studio1\jre\jre\bin\msvcr100.dll
0x0000000052ed0000 - 0x0000000053716000 	C:\Program Files\Android\Android Studio1\jre\jre\bin\server\jvm.dll
0x00007ffa9a970000 - 0x00007ffa9a978000 	C:\WINDOWS\System32\PSAPI.DLL
0x00007ffa971c0000 - 0x00007ffa971c9000 	C:\WINDOWS\SYSTEM32\WSOCK32.dll
0x00007ffa9bc50000 - 0x00007ffa9bcbf000 	C:\WINDOWS\System32\WS2_32.dll
0x00007ffa8f3f0000 - 0x00007ffa8f414000 	C:\WINDOWS\SYSTEM32\WINMM.dll
0x00007ffa8f690000 - 0x00007ffa8f69a000 	C:\WINDOWS\SYSTEM32\VERSION.dll
0x00007ffa8f3c0000 - 0x00007ffa8f3ed000 	C:\WINDOWS\SYSTEM32\WINMMBASE.dll
0x00007ffa9a640000 - 0x00007ffa9a68a000 	C:\WINDOWS\System32\cfgmgr32.dll
0x00007ffa97350000 - 0x00007ffa9735f000 	C:\Program Files\Android\Android Studio1\jre\jre\bin\verify.dll
0x00007ffa97300000 - 0x00007ffa97329000 	C:\Program Files\Android\Android Studio1\jre\jre\bin\java.dll
0x00007ffa96630000 - 0x00007ffa96646000 	C:\Program Files\Android\Android Studio1\jre\jre\bin\zip.dll
0x00007ffa9bde0000 - 0x00007ffa9c4c5000 	C:\WINDOWS\System32\SHELL32.dll
0x00007ffa9a8c0000 - 0x00007ffa9a969000 	C:\WINDOWS\System32\shcore.dll
0x00007ffa99c50000 - 0x00007ffa9a3d0000 	C:\WINDOWS\System32\windows.storage.dll
0x00007ffa994b0000 - 0x00007ffa994d3000 	C:\WINDOWS\System32\profapi.dll
0x00007ffa99520000 - 0x00007ffa9956a000 	C:\WINDOWS\System32\msvcrt.dll
0x00007ffa994a0000 - 0x00007ffa994b0000 	C:\WINDOWS\System32\USER32.dll
0x00007ffa9b150000 - 0x00007ffa9b1a2000 	C:\WINDOWS\System32\gdi32full.dll
0x00007ffa994e0000 - 0x00007ffa994f1000 	C:\WINDOWS\WinSxS\amd64_microsoft.windows.common-controls_6595b64144ccf1df_6.0.18362.778_none_e6c6b761130d4fb8\COMCTL32.dll
0x00007ffa9a520000 - 0x00007ffa9a537000 	C:\WINDOWS\System32\bcryptPrimitives.dll
0x00007ffa95f80000 - 0x00007ffa95f9a000 	C:\Program Files\Android\Android Studio1\jre\jre\bin\msvcr100.dll
0x00007ffa8f960000 - 0x00007ffa8fb35000 	C:\WINDOWS\System32\PSAPI.DLL
0x00007ffa8abe0000 - 0x00007ffa8ae86000 	C:\WINDOWS\System32\WS2_32.dll
0x00007ffa98820000 - 0x00007ffa9882c000 	C:\WINDOWS\SYSTEM32\WINMM.dll
0x00007ffa98630000 - 0x00007ffa98697000 	C:\WINDOWS\SYSTEM32\WINMMBASE.dll
0x00007ffa95650000 - 0x00007ffa95663000 	C:\Program Files\Android\Android Studio1\jre\jre\bin\nio.dll
0x00007ffa87ee0000 - 0x00007ffa87f06000 	C:\Program Files\Android\Android Studio1\jre\jre\bin\java.dll
0x00007ffa97340000 - 0x00007ffa9734d000 	C:\Program Files\Android\Android Studio1\jre\jre\bin\management.dll
0x00007ffa981a0000 - 0x00007ffa981d3000 	C:\WINDOWS\System32\ADVAPI32.dll
0x00007ffa997a0000 - 0x00007ffa997c6000 	C:\WINDOWS\System32\win32u.dll
0x00007ffa99390000 - 0x00007ffa993b5000 	C:\WINDOWS\System32\msvcp_win.dll
0x00007ffa98340000 - 0x00007ffa9837a000 	C:\WINDOWS\WinSxS\amd64_microsoft.windows.common-controls_6595b64144ccf1df_6.0.18362.778_none_e6c6b761130d4fb8\COMCTL32.dll
0x00007ffa9bc40000 - 0x00007ffa9bc48000 	C:\WINDOWS\System32\IMM32.DLL
0x00007ffa912c0000 - 0x00007ffa912d6000 	C:\Program Files\Android\Android Studio1\jre\jre\bin\server\jvm.dll
0x00007ffa91400000 - 0x00007ffa9141c000 	C:\WINDOWS\SYSTEM32\WSOCK32.dll
0x00007ffa983d0000 - 0x00007ffa9849a000 	C:\WINDOWS\SYSTEM32\WINMM.dll
0x00007ffa98dc0000 - 0x00007ffa98fb4000 	C:\WINDOWS\SYSTEM32\WINMMBASE.dll

VM Arguments:
jvm_args: -Xmx1536m -Dfile.encoding=windows-1252 -Duser.country=US -Duser.language=en -Duser.variant 
java_command: org.gradle.launcher.daemon.bootstrap.GradleDaemon 5.6.4
java_class_path (initial): C:\Users\RHEA SRIVASTAVA\.gradle\wrapper\dists\gradle-5.6.4-all\ankdp27end7byghfw1q2sw75f\gradle-5.6.4\lib\gradle-launcher-5.6.4.jar
Launcher Type: SUN_STANDARD

Environment Variables:
PATH=C:\Program Files (x86)\Intel\iCLS Client\;C:\Program Files\Intel\iCLS Client\;C:\WINDOWS\system32;C:\WINDOWS;C:\WINDOWS\System32\Wbem;C:\WINDOWS\System32\WindowsPowerShell\v1.0\;C:\Program Files (x86)\Intel\Intel(R) Management Engine Components\DAL;C:\Program Files\Intel\Intel(R) Management Engine Components\DAL;C:\Program Files (x86)\Intel\Intel(R) Management Engine Components\IPT;C:\Program Files\Intel\Intel(R) Management Engine Components\IPT;C:\WINDOWS\System32\OpenSSH\;D:\MATLAB\R2017a\runtime\win64;D:\MATLAB\R2017a\bin;C:\Program Files\Intel\WiFi\bin\;C:\Program Files\Common Files\Intel\WirelessCommon\;C:\Program Files\Git\cmd;C:\Users\RHEA SRIVASTAVA\AppData\Local\Microsoft\WindowsApps;
USERNAME=RHEA SRIVASTAVA
OS=Windows_NT
PROCESSOR_IDENTIFIER=Intel64 Family 6 Model 78 Stepping 3, GenuineIntel



---------------  S Y S T E M  ---------------

OS: Windows 10.0 , 64 bit Build 18362 (10.0.18362.778)

CPU:total 4 (initial active 4) (2 cores per cpu, 2 threads per core) family 6 model 78 stepping 3, cmov, cx8, fxsr, mmx, sse, sse2, sse3, ssse3, sse4.1, sse4.2, popcnt, avx, avx2, aes, clmul, erms, 3dnowpref, lzcnt, ht, tsc, tscinvbit, bmi1, bmi2, adx

Memory: 4k page, physical 8244500k(1513172k free), swap 12261676k(3712144k free)

vm_info: OpenJDK 64-Bit Server VM (25.212-b04) for windows-amd64 JRE (1.8.0_212-release-1586-b04), built by "builder" with MS VC++ 10.0 (VS2010)

time: Fri May 15 13:17:38 2020
timezone: India Standard Time
elapsed time: 3 seconds (0d 0h 0m 3s)

