#
# A fatal error has been detected by the Java Runtime Environment:
#
#  EXCEPTION_ACCESS_VIOLATION (0xc0000005) at pc=0x000000005333f660, pid=8960, tid=0x00000000000045ec
#
# JRE version: OpenJDK Runtime Environment (8.0_212-b04) (build 1.8.0_212-release-1586-b04)
# Java VM: OpenJDK 64-Bit Server VM (25.212-b04 mixed mode windows-amd64 compressed oops)
# Problematic frame:
# V  [jvm.dll+0x46f660]
#
# Failed to write core dump. Minidumps are not enabled by default on client versions of Windows
#
# If you would like to submit a bug report, please visit:
#   
#

---------------  T H R E A D  ---------------

Current thread (0x0000000016650000):  JavaThread "C2 CompilerThread1" daemon [_thread_in_native, id=17900, stack(0x0000000017da0000,0x0000000017ea0000)]

siginfo: ExceptionCode=0xc0000005, reading address 0x000000004369a650

Registers:
RAX=0x0000000000000000, RBX=0x0000000020147a80, RCX=0x000000004369a650, RDX=0x0000000000000000
RSP=0x0000000017e9c1f0, RBP=0x0000000000000010, RSI=0x0000000000000080, RDI=0x0000000017e9c240
R8 =0x0000000000000080, R9 =0x000000001a768ee0, R10=0x0000000052ed0000, R11=0x0000000017e9c110
R12=0x000000005369a650, R13=0x0000000052ed0000, R14=0x000000001a9d7ce8, R15=0x00000000000003d8
RIP=0x000000005333f660, EFLAGS=0x0000000000010246

Top of Stack: (sp=0x0000000017e9c1f0)
0x0000000017e9c1f0:   0000000017e9e9c0 00000000200f3c00
0x0000000017e9c200:   fffffffffffffff8 00000000166157e0
0x0000000017e9c210:   0000000000000cc7 000000005333a73f
0x0000000017e9c220:   0000000020147a80 0000000020147a80
0x0000000017e9c230:   0000000000000cc7 0000000017e9c320
0x0000000017e9c240:   00000cca00000000 0000000000000007
0x0000000017e9c250:   000000004369a650 000000000000000d
0x0000000017e9c260:   00000000209adee0 0000000000000012
0x0000000017e9c270:   0000000020147b20 0000000017e9c610
0x0000000017e9c280:   000000001a9d7910 0000000017e9c610
0x0000000017e9c290:   000000001a9d7900 0000000053306de1
0x0000000017e9c2a0:   0000000000000000 0000000017e9c3a0
0x0000000017e9c2b0:   0000000000000000 0000000000000007
0x0000000017e9c2c0:   0000000000000006 000000001a9d7900
0x0000000017e9c2d0:   000000001a767ce0 000000001a769010
0x0000000017e9c2e0:   000000001a76fcc8 00000000002d22a0 

Instructions: (pc=0x000000005333f660)
0x000000005333f640:   48 8b 4f 20 48 39 04 0e 0f 84 9d 00 00 00 48 8b
0x000000005333f650:   0c 0e 33 d2 33 c0 48 89 4f 10 66 0f 1f 44 00 00
0x000000005333f660:   83 3c 08 00 0f 85 36 01 00 00 ff c2 48 83 c0 04
0x000000005333f670:   83 fa 08 72 eb 48 8b 47 30 48 89 44 24 30 48 85 


Register to memory mapping:

RAX=0x0000000000000000 is an unknown value
RBX=0x0000000020147a80 is an unknown value
RCX=0x000000004369a650 is an unknown value
RDX=0x0000000000000000 is an unknown value
RSP=0x0000000017e9c1f0 is pointing into the stack for thread: 0x0000000016650000
RBP=0x0000000000000010 is an unknown value
RSI=0x0000000000000080 is an unknown value
RDI=0x0000000017e9c240 is pointing into the stack for thread: 0x0000000016650000
R8 =0x0000000000000080 is an unknown value
R9 =0x000000001a768ee0 is an unknown value
R10=0x0000000052ed0000 is an unknown value
R11=0x0000000017e9c110 is pointing into the stack for thread: 0x0000000016650000
R12=0x000000005369a650 is an unknown value
R13=0x0000000052ed0000 is an unknown value
R14=0x000000001a9d7ce8 is an unknown value
R15=0x00000000000003d8 is an unknown value


Stack: [0x0000000017da0000,0x0000000017ea0000],  sp=0x0000000017e9c1f0,  free space=1008k
Native frames: (J=compiled Java code, j=interpreted, Vv=VM code, C=native code)
V  [jvm.dll+0x46f660]
V  [jvm.dll+0x46a73f]
V  [jvm.dll+0x436de1]
V  [jvm.dll+0x44189b]
V  [jvm.dll+0x444198]
V  [jvm.dll+0x4272e2]
V  [jvm.dll+0x81fbf]
V  [jvm.dll+0x8291f]
V  [jvm.dll+0x21db3f]
V  [jvm.dll+0x26f53a]
C  [msvcr100.dll+0x21d9f]
C  [msvcr100.dll+0x21e3b]
C  [KERNEL32.DLL+0x17bd4]
C  [ntdll.dll+0x6ce51]


Current CompileTask:
C2:2443649 14427       4       org.objectweb.asm.signature.SignatureReader::parseType (411 bytes)


---------------  P R O C E S S  ---------------

Java Threads: ( => current thread )
  0x000000001d005000 JavaThread "Execution worker for ':' Thread 3" [_thread_in_native, id=20440, stack(0x0000000025190000,0x0000000025290000)]
  0x000000001d005800 JavaThread "Execution worker for ':' Thread 2" [_thread_in_Java, id=5904, stack(0x0000000025090000,0x0000000025190000)]
  0x000000001d004000 JavaThread "Execution worker for ':'" [_thread_in_native, id=17616, stack(0x0000000024f90000,0x0000000025090000)]
  0x000000001d003800 JavaThread "Cache worker for file content cache (C:\Users\RHEA SRIVASTAVA\AndroidStudioProjects\PIXIES_PROJECT\.gradle\5.6.4\fileContent)" [_thread_blocked, id=18992, stack(0x0000000024b60000,0x0000000024c60000)]
  0x000000001d002000 JavaThread "Cache worker for file content cache (C:\Users\RHEA SRIVASTAVA\.gradle\caches\5.6.4\fileContent)" [_thread_blocked, id=11928, stack(0x0000000024a60000,0x0000000024b60000)]
  0x000000001d008000 JavaThread "Cache worker for Build Output Cleanup Cache (C:\Users\RHEA SRIVASTAVA\AndroidStudioProjects\PIXIES_PROJECT\.gradle\buildOutputCleanup)" [_thread_blocked, id=7532, stack(0x0000000023ad0000,0x0000000023bd0000)]
  0x000000001a168000 JavaThread "Build operations Thread 4" [_thread_blocked, id=13196, stack(0x00000000220e0000,0x00000000221e0000)]
  0x000000001a167000 JavaThread "Build operations Thread 3" [_thread_blocked, id=11364, stack(0x00000000219e0000,0x0000000021ae0000)]
  0x000000001a165800 JavaThread "Build operations Thread 2" [_thread_blocked, id=10224, stack(0x00000000218e0000,0x00000000219e0000)]
  0x000000001a165000 JavaThread "Build operations" [_thread_blocked, id=18540, stack(0x00000000215e0000,0x00000000216e0000)]
  0x000000001a164000 JavaThread "Cache worker for cache directory md-rule (C:\Users\RHEA SRIVASTAVA\.gradle\caches\5.6.4\md-rule)" [_thread_blocked, id=21324, stack(0x0000000020e30000,0x0000000020f30000)]
  0x000000001a166800 JavaThread "Cache worker for cache directory md-supplier (C:\Users\RHEA SRIVASTAVA\.gradle\caches\5.6.4\md-supplier)" [_thread_blocked, id=7132, stack(0x0000000020d30000,0x0000000020e30000)]
  0x000000001a163000 JavaThread "Cache worker for file hash cache (C:\Users\RHEA SRIVASTAVA\AndroidStudioProjects\PIXIES_PROJECT\.gradle\5.6.4\fileHashes)" [_thread_blocked, id=17584, stack(0x000000001d790000,0x000000001d890000)]
  0x000000001a15b800 JavaThread "Thread-28" [_thread_blocked, id=22036, stack(0x000000001bec0000,0x000000001bfc0000)]
  0x000000001a162800 JavaThread "Stdin handler" [_thread_blocked, id=1072, stack(0x000000001bdc0000,0x000000001bec0000)]
  0x000000001a15b000 JavaThread "Asynchronous log dispatcher for DefaultDaemonConnection: socket connection from /127.0.0.1:59342 to /127.0.0.1:59505" [_thread_blocked, id=5724, stack(0x000000001bcc0000,0x000000001bdc0000)]
  0x000000001a15c800 JavaThread "Daemon worker Thread 2" [_thread_in_Java, id=5600, stack(0x000000001bbc0000,0x000000001bcc0000)]
  0x000000001a15f800 JavaThread "Cancel handler" [_thread_blocked, id=9712, stack(0x000000001bac0000,0x000000001bbc0000)]
  0x000000001a161800 JavaThread "Handler for socket connection from /127.0.0.1:59342 to /127.0.0.1:59505" [_thread_in_native, id=9204, stack(0x000000001b7c0000,0x000000001b8c0000)]
  0x000000001a161000 JavaThread "Daemon Thread 2" [_thread_blocked, id=9260, stack(0x000000001b6c0000,0x000000001b7c0000)]
  0x000000001a158800 JavaThread "Memory manager" [_thread_blocked, id=20924, stack(0x00000000011a0000,0x00000000012a0000)]
  0x000000001d002800 JavaThread "Cache worker for execution history cache (C:\Users\RHEA SRIVASTAVA\.gradle\caches\5.6.4\executionHistory)" [_thread_in_native, id=13548, stack(0x000000001e290000,0x000000001e390000)]
  0x0000000019eb3800 JavaThread "Cache worker for journal cache (C:\Users\RHEA SRIVASTAVA\.gradle\caches\journal-1)" [_thread_in_native, id=9560, stack(0x000000001c3c0000,0x000000001c4c0000)]
  0x0000000019eb9800 JavaThread "File lock request listener" [_thread_in_native, id=6444, stack(0x000000001c2c0000,0x000000001c3c0000)]
  0x0000000019eb6800 JavaThread "Cache worker for file hash cache (C:\Users\RHEA SRIVASTAVA\.gradle\caches\5.6.4\fileHashes)" [_thread_in_native, id=2280, stack(0x000000001c1c0000,0x000000001c2c0000)]
  0x0000000019ce2000 JavaThread "Daemon periodic checks" [_thread_blocked, id=18968, stack(0x000000001b5c0000,0x000000001b6c0000)]
  0x0000000019cdf000 JavaThread "Incoming local TCP Connector on port 59342" [_thread_in_native, id=1756, stack(0x000000001b380000,0x000000001b480000)]
  0x00000000199c9000 JavaThread "Daemon health stats" [_thread_blocked, id=740, stack(0x000000001ad40000,0x000000001ae40000)]
  0x0000000017fc8800 JavaThread "Service Thread" daemon [_thread_blocked, id=17768, stack(0x00000000183a0000,0x00000000184a0000)]
  0x000000001665c000 JavaThread "C1 CompilerThread2" daemon [_thread_blocked, id=4152, stack(0x0000000017ea0000,0x0000000017fa0000)]
=>0x0000000016650000 JavaThread "C2 CompilerThread1" daemon [_thread_in_native, id=17900, stack(0x0000000017da0000,0x0000000017ea0000)]
  0x000000001664c800 JavaThread "C2 CompilerThread0" daemon [_thread_blocked, id=12392, stack(0x0000000017ca0000,0x0000000017da0000)]
  0x000000001664b000 JavaThread "Attach Listener" daemon [_thread_blocked, id=4196, stack(0x0000000017ba0000,0x0000000017ca0000)]
  0x000000001664a000 JavaThread "Signal Dispatcher" daemon [_thread_blocked, id=2428, stack(0x0000000017aa0000,0x0000000017ba0000)]
  0x0000000002cdb000 JavaThread "Finalizer" daemon [_thread_blocked, id=15348, stack(0x00000000178a0000,0x00000000179a0000)]
  0x0000000016639000 JavaThread "Reference Handler" daemon [_thread_blocked, id=19132, stack(0x00000000177a0000,0x00000000178a0000)]
  0x0000000000e7e800 JavaThread "main" [_thread_blocked, id=15692, stack(0x0000000002ab0000,0x0000000002bb0000)]

Other Threads:
  0x0000000016616000 VMThread [stack: 0x00000000176a0000,0x00000000177a0000] [id=17472]
  0x0000000017fd2000 WatcherThread [stack: 0x00000000184a0000,0x00000000185a0000] [id=16416]

VM state:not at safepoint (normal execution)

VM Mutex/Monitor currently owned by a thread: None

heap address: 0x00000000a0000000, size: 1536 MB, Compressed Oops mode: 32-bit
Narrow klass base: 0x0000000000000000, Narrow klass shift: 3
Compressed class space size: 1073741824 Address: 0x0000000100000000

Heap:
 PSYoungGen      total 409088K, used 105348K [0x00000000e0000000, 0x00000000fe000000, 0x0000000100000000)
  eden space 395264K, 23% used [0x00000000e0000000,0x00000000e59667e8,0x00000000f8200000)
  from space 13824K, 99% used [0x00000000fd280000,0x00000000fdffa9c0,0x00000000fe000000)
  to   space 48128K, 0% used [0x00000000f8200000,0x00000000f8200000,0x00000000fb100000)
 ParOldGen       total 123904K, used 77535K [0x00000000a0000000, 0x00000000a7900000, 0x00000000e0000000)
  object space 123904K, 62% used [0x00000000a0000000,0x00000000a4bb7f00,0x00000000a7900000)
 Metaspace       used 84249K, capacity 87724K, committed 87808K, reserved 1126400K
  class space    used 10775K, capacity 11517K, committed 11520K, reserved 1048576K

Card table byte_map: [0x00000000120a0000,0x00000000123b0000] byte_map_base: 0x0000000011ba0000

Marking Bits: (ParMarkBitMap*) 0x0000000053699f30
 Begin Bits: [0x00000000129b0000, 0x00000000141b0000)
 End Bits:   [0x00000000141b0000, 0x00000000159b0000)

Polling page: 0x0000000000e10000

CodeCache: size=245760Kb used=40728Kb max_used=40741Kb free=205031Kb
 bounds [0x0000000002ce0000, 0x00000000054f0000, 0x0000000011ce0000]
 total_blobs=12807 nmethods=11935 adapters=784
 compilation: enabled

Compilation events (10 events):
Event: 2443.569 Thread 0x000000001665c000 14459       3       java.util.ComparableTimSort::gallopRight (327 bytes)
Event: 2443.571 Thread 0x000000001665c000 nmethod 14459 0x00000000054d34d0 code [0x00000000054d36c0, 0x00000000054d4198]
Event: 2443.571 Thread 0x000000001665c000 14460       3       org.gradle.internal.fingerprint.classpath.impl.ClasspathFingerprintingStrategy::getHashingStrategy (4 bytes)
Event: 2443.571 Thread 0x000000001665c000 nmethod 14460 0x00000000054d3190 code [0x00000000054d32e0, 0x00000000054d3430]
Event: 2443.574 Thread 0x000000001665c000 14461       3       org.gradle.internal.fingerprint.classpath.impl.ClasspathFingerprintingStrategy::collectFingerprints (79 bytes)
Event: 2443.575 Thread 0x000000001665c000 nmethod 14461 0x00000000054d6ed0 code [0x00000000054d7180, 0x00000000054d8508]
Event: 2443.575 Thread 0x000000001665c000 14462       3       org.objectweb.asm.MethodWriter::visitAnnotableParameterCount (18 bytes)
Event: 2443.575 Thread 0x000000001664c800 nmethod 14458 0x00000000054d91d0 code [0x00000000054d9360, 0x00000000054d9788]
Event: 2443.575 Thread 0x000000001664c800 14456       4       java.nio.file.Paths::get (9 bytes)
Event: 2443.575 Thread 0x000000001665c000 nmethod 14462 0x00000000054d6b50 code [0x00000000054d6ca0, 0x00000000054d6e50]

GC Heap History (10 events):
Event: 133.108 GC heap before
{Heap before GC invocations=13 (full 3):
 PSYoungGen      total 399872K, used 377344K [0x00000000e0000000, 0x00000000fff80000, 0x0000000100000000)
  eden space 377344K, 100% used [0x00000000e0000000,0x00000000f7080000,0x00000000f7080000)
  from space 22528K, 0% used [0x00000000f7080000,0x00000000f7080000,0x00000000f8680000)
  to   space 24576K, 0% used [0x00000000fe780000,0x00000000fe780000,0x00000000fff80000)
 ParOldGen       total 123904K, used 32344K [0x00000000a0000000, 0x00000000a7900000, 0x00000000e0000000)
  object space 123904K, 26% used [0x00000000a0000000,0x00000000a1f96268,0x00000000a7900000)
 Metaspace       used 70644K, capacity 73064K, committed 73344K, reserved 1112064K
  class space    used 9522K, capacity 10074K, committed 10112K, reserved 1048576K
Event: 133.169 GC heap after
Heap after GC invocations=13 (full 3):
 PSYoungGen      total 493568K, used 23504K [0x00000000e0000000, 0x0000000100000000, 0x0000000100000000)
  eden space 468992K, 0% used [0x00000000e0000000,0x00000000e0000000,0x00000000fca00000)
  from space 24576K, 95% used [0x00000000fe780000,0x00000000ffe740c8,0x00000000fff80000)
  to   space 27648K, 0% used [0x00000000fca00000,0x00000000fca00000,0x00000000fe500000)
 ParOldGen       total 123904K, used 32352K [0x00000000a0000000, 0x00000000a7900000, 0x00000000e0000000)
  object space 123904K, 26% used [0x00000000a0000000,0x00000000a1f98268,0x00000000a7900000)
 Metaspace       used 70644K, capacity 73064K, committed 73344K, reserved 1112064K
  class space    used 9522K, capacity 10074K, committed 10112K, reserved 1048576K
}
Event: 1080.151 GC heap before
{Heap before GC invocations=14 (full 3):
 PSYoungGen      total 493568K, used 492496K [0x00000000e0000000, 0x0000000100000000, 0x0000000100000000)
  eden space 468992K, 100% used [0x00000000e0000000,0x00000000fca00000,0x00000000fca00000)
  from space 24576K, 95% used [0x00000000fe780000,0x00000000ffe740c8,0x00000000fff80000)
  to   space 27648K, 0% used [0x00000000fca00000,0x00000000fca00000,0x00000000fe500000)
 ParOldGen       total 123904K, used 32352K [0x00000000a0000000, 0x00000000a7900000, 0x00000000e0000000)
  object space 123904K, 26% used [0x00000000a0000000,0x00000000a1f98268,0x00000000a7900000)
 Metaspace       used 75934K, capacity 78750K, committed 78848K, reserved 1118208K
  class space    used 10103K, capacity 10737K, committed 10752K, reserved 1048576K
Event: 1080.186 GC heap after
Heap after GC invocations=14 (full 3):
 PSYoungGen      total 471040K, used 21701K [0x00000000e0000000, 0x00000000ff080000, 0x0000000100000000)
  eden space 449024K, 0% used [0x00000000e0000000,0x00000000e0000000,0x00000000fb680000)
  from space 22016K, 98% used [0x00000000fca00000,0x00000000fdf31528,0x00000000fdf80000)
  to   space 17408K, 0% used [0x00000000fdf80000,0x00000000fdf80000,0x00000000ff080000)
 ParOldGen       total 123904K, used 32360K [0x00000000a0000000, 0x00000000a7900000, 0x00000000e0000000)
  object space 123904K, 26% used [0x00000000a0000000,0x00000000a1f9a268,0x00000000a7900000)
 Metaspace       used 75934K, capacity 78750K, committed 78848K, reserved 1118208K
  class space    used 10103K, capacity 10737K, committed 10752K, reserved 1048576K
}
Event: 1090.067 GC heap before
{Heap before GC invocations=15 (full 3):
 PSYoungGen      total 471040K, used 470725K [0x00000000e0000000, 0x00000000ff080000, 0x0000000100000000)
  eden space 449024K, 100% used [0x00000000e0000000,0x00000000fb680000,0x00000000fb680000)
  from space 22016K, 98% used [0x00000000fca00000,0x00000000fdf31528,0x00000000fdf80000)
  to   space 17408K, 0% used [0x00000000fdf80000,0x00000000fdf80000,0x00000000ff080000)
 ParOldGen       total 123904K, used 32360K [0x00000000a0000000, 0x00000000a7900000, 0x00000000e0000000)
  object space 123904K, 26% used [0x00000000a0000000,0x00000000a1f9a268,0x00000000a7900000)
 Metaspace       used 76568K, capacity 79398K, committed 79616K, reserved 1118208K
  class space    used 10119K, capacity 10747K, committed 10752K, reserved 1048576K
Event: 1090.089 GC heap after
Heap after GC invocations=15 (full 3):
 PSYoungGen      total 447488K, used 17397K [0x00000000e0000000, 0x00000000ff080000, 0x0000000100000000)
  eden space 430080K, 0% used [0x00000000e0000000,0x00000000e0000000,0x00000000fa400000)
  from space 17408K, 99% used [0x00000000fdf80000,0x00000000ff07d5e0,0x00000000ff080000)
  to   space 30720K, 0% used [0x00000000fb480000,0x00000000fb480000,0x00000000fd280000)
 ParOldGen       total 123904K, used 35884K [0x00000000a0000000, 0x00000000a7900000, 0x00000000e0000000)
  object space 123904K, 28% used [0x00000000a0000000,0x00000000a230b308,0x00000000a7900000)
 Metaspace       used 76568K, capacity 79398K, committed 79616K, reserved 1118208K
  class space    used 10119K, capacity 10747K, committed 10752K, reserved 1048576K
}
Event: 1107.326 GC heap before
{Heap before GC invocations=16 (full 3):
 PSYoungGen      total 447488K, used 447477K [0x00000000e0000000, 0x00000000ff080000, 0x0000000100000000)
  eden space 430080K, 100% used [0x00000000e0000000,0x00000000fa400000,0x00000000fa400000)
  from space 17408K, 99% used [0x00000000fdf80000,0x00000000ff07d5e0,0x00000000ff080000)
  to   space 30720K, 0% used [0x00000000fb480000,0x00000000fb480000,0x00000000fd280000)
 ParOldGen       total 123904K, used 35884K [0x00000000a0000000, 0x00000000a7900000, 0x00000000e0000000)
  object space 123904K, 28% used [0x00000000a0000000,0x00000000a230b308,0x00000000a7900000)
 Metaspace       used 77899K, capacity 80776K, committed 81024K, reserved 1120256K
  class space    used 10208K, capacity 10838K, committed 10880K, reserved 1048576K
Event: 1107.364 GC heap after
Heap after GC invocations=16 (full 3):
 PSYoungGen      total 442880K, used 30705K [0x00000000e0000000, 0x00000000fe000000, 0x0000000100000000)
  eden space 412160K, 0% used [0x00000000e0000000,0x00000000e0000000,0x00000000f9280000)
  from space 30720K, 99% used [0x00000000fb480000,0x00000000fd27c778,0x00000000fd280000)
  to   space 13824K, 0% used [0x00000000fd280000,0x00000000fd280000,0x00000000fe000000)
 ParOldGen       total 123904K, used 37141K [0x00000000a0000000, 0x00000000a7900000, 0x00000000e0000000)
  object space 123904K, 29% used [0x00000000a0000000,0x00000000a2445400,0x00000000a7900000)
 Metaspace       used 77899K, capacity 80776K, committed 81024K, reserved 1120256K
  class space    used 10208K, capacity 10838K, committed 10880K, reserved 1048576K
}
Event: 2443.427 GC heap before
{Heap before GC invocations=17 (full 3):
 PSYoungGen      total 442880K, used 442865K [0x00000000e0000000, 0x00000000fe000000, 0x0000000100000000)
  eden space 412160K, 100% used [0x00000000e0000000,0x00000000f9280000,0x00000000f9280000)
  from space 30720K, 99% used [0x00000000fb480000,0x00000000fd27c778,0x00000000fd280000)
  to   space 13824K, 0% used [0x00000000fd280000,0x00000000fd280000,0x00000000fe000000)
 ParOldGen       total 123904K, used 37141K [0x00000000a0000000, 0x00000000a7900000, 0x00000000e0000000)
  object space 123904K, 29% used [0x00000000a0000000,0x00000000a24454a0,0x00000000a7900000)
 Metaspace       used 84239K, capacity 87724K, committed 87808K, reserved 1126400K
  class space    used 10775K, capacity 11517K, committed 11520K, reserved 1048576K
Event: 2443.475 GC heap after
Heap after GC invocations=17 (full 3):
 PSYoungGen      total 409088K, used 13802K [0x00000000e0000000, 0x00000000fe000000, 0x0000000100000000)
  eden space 395264K, 0% used [0x00000000e0000000,0x00000000e0000000,0x00000000f8200000)
  from space 13824K, 99% used [0x00000000fd280000,0x00000000fdffa9c0,0x00000000fe000000)
  to   space 48128K, 0% used [0x00000000f8200000,0x00000000f8200000,0x00000000fb100000)
 ParOldGen       total 123904K, used 77535K [0x00000000a0000000, 0x00000000a7900000, 0x00000000e0000000)
  object space 123904K, 62% used [0x00000000a0000000,0x00000000a4bb7f00,0x00000000a7900000)
 Metaspace       used 84239K, capacity 87724K, committed 87808K, reserved 1126400K
  class space    used 10775K, capacity 11517K, committed 11520K, reserved 1048576K
}

Deoptimization events (10 events):
Event: 2443.159 Thread 0x000000001d005800 Uncommon trap: reason=bimorphic action=maybe_recompile pc=0x0000000004f2c2c8 method=org.gradle.internal.Try$Success.flatMap(Ljava/util/function/Function;)Lorg/gradle/internal/Try; @ 5
Event: 2443.257 Thread 0x000000001d005800 Uncommon trap: reason=class_check action=maybe_recompile pc=0x0000000003207954 method=java.util.Collections$SetFromMap.remove(Ljava/lang/Object;)Z @ 5
Event: 2443.259 Thread 0x000000001a15c800 Uncommon trap: reason=class_check action=maybe_recompile pc=0x0000000003207954 method=java.util.Collections$SetFromMap.remove(Ljava/lang/Object;)Z @ 5
Event: 2443.259 Thread 0x000000001a15c800 Uncommon trap: reason=bimorphic action=maybe_recompile pc=0x0000000004f2c2c8 method=org.gradle.internal.Try$Success.flatMap(Ljava/util/function/Function;)Lorg/gradle/internal/Try; @ 5
Event: 2443.262 Thread 0x000000001d004000 Uncommon trap: reason=class_check action=maybe_recompile pc=0x0000000003207954 method=java.util.Collections$SetFromMap.remove(Ljava/lang/Object;)Z @ 5
Event: 2443.262 Thread 0x000000001d004000 Uncommon trap: reason=bimorphic action=maybe_recompile pc=0x0000000004f2c2c8 method=org.gradle.internal.Try$Success.flatMap(Ljava/util/function/Function;)Lorg/gradle/internal/Try; @ 5
Event: 2443.271 Thread 0x000000001d005000 Uncommon trap: reason=bimorphic action=maybe_recompile pc=0x0000000004f2c2c8 method=org.gradle.internal.Try$Success.flatMap(Ljava/util/function/Function;)Lorg/gradle/internal/Try; @ 5
Event: 2443.327 Thread 0x000000001d004000 Uncommon trap: reason=bimorphic action=maybe_recompile pc=0x00000000031cf180 method=java.util.regex.Pattern$Slice.match(Ljava/util/regex/Matcher;ILjava/lang/CharSequence;)Z @ 75
Event: 2443.501 Thread 0x000000001d005000 Uncommon trap: reason=unstable_if action=reinterpret pc=0x0000000004d4afbc method=com.google.common.collect.MapMakerInternalMap$Segment.drainKeyReferenceQueue(Ljava/lang/ref/ReferenceQueue;)V @ 8
Event: 2443.554 Thread 0x000000001d005800 Uncommon trap: reason=bimorphic action=maybe_recompile pc=0x00000000031cf180 method=java.util.regex.Pattern$Slice.match(Ljava/util/regex/Matcher;ILjava/lang/CharSequence;)Z @ 75

Classes redefined (0 events):
No events

Internal exceptions (10 events):
Event: 2443.120 Thread 0x000000001d005800 Exception <a 'sun/nio/fs/WindowsException'> (0x00000000f43624e8) thrown at [D:\src\AOSP-openjdk-cygwin\jdk8u\hotspot\src\share\vm\prims\jni.cpp, line 710]
Event: 2443.175 Thread 0x000000001a15c800 Exception <a 'sun/nio/fs/WindowsException'> (0x00000000f4bfae10) thrown at [D:\src\AOSP-openjdk-cygwin\jdk8u\hotspot\src\share\vm\prims\jni.cpp, line 710]
Event: 2443.175 Thread 0x000000001d005000 Exception <a 'sun/nio/fs/WindowsException'> (0x00000000f4bb7298) thrown at [D:\src\AOSP-openjdk-cygwin\jdk8u\hotspot\src\share\vm\prims\jni.cpp, line 710]
Event: 2443.226 Thread 0x000000001d004000 Exception <a 'sun/nio/fs/WindowsException'> (0x00000000f5cc1c10) thrown at [D:\src\AOSP-openjdk-cygwin\jdk8u\hotspot\src\share\vm\prims\jni.cpp, line 710]
Event: 2443.323 Thread 0x000000001a15c800 Exception <a 'sun/nio/fs/WindowsException'> (0x00000000f673e468) thrown at [D:\src\AOSP-openjdk-cygwin\jdk8u\hotspot\src\share\vm\prims\jni.cpp, line 710]
Event: 2443.328 Thread 0x000000001d004000 Exception <a 'sun/nio/fs/WindowsException'> (0x00000000f68eb1a8) thrown at [D:\src\AOSP-openjdk-cygwin\jdk8u\hotspot\src\share\vm\prims\jni.cpp, line 710]
Event: 2443.342 Thread 0x000000001d005000 Exception <a 'sun/nio/fs/WindowsException'> (0x00000000f6d48c60) thrown at [D:\src\AOSP-openjdk-cygwin\jdk8u\hotspot\src\share\vm\prims\jni.cpp, line 710]
Event: 2443.365 Thread 0x000000001a15c800 Exception <a 'sun/nio/fs/WindowsException'> (0x00000000f73db960) thrown at [D:\src\AOSP-openjdk-cygwin\jdk8u\hotspot\src\share\vm\prims\jni.cpp, line 710]
Event: 2443.390 Thread 0x000000001d005000 Exception <a 'sun/nio/fs/WindowsException'> (0x00000000f7d2cbd0) thrown at [D:\src\AOSP-openjdk-cygwin\jdk8u\hotspot\src\share\vm\prims\jni.cpp, line 710]
Event: 2443.497 Thread 0x000000001d004000 Exception <a 'sun/nio/fs/WindowsException'> (0x00000000e0e5c8c8) thrown at [D:\src\AOSP-openjdk-cygwin\jdk8u\hotspot\src\share\vm\prims\jni.cpp, line 710]

Events (10 events):
Event: 2443.424 Executing VM operation: ParallelGCFailedAllocation
Event: 2443.425 Executing VM operation: ParallelGCFailedAllocation done
Event: 2443.427 Executing VM operation: ParallelGCSystemGC
Event: 2443.475 Executing VM operation: ParallelGCSystemGC done
Event: 2443.501 Thread 0x000000001d005000 Uncommon trap: trap_request=0xffffff65 fr.pc=0x0000000004d4afbc
Event: 2443.502 Thread 0x000000001d005000 DEOPT PACKING pc=0x0000000004d4afbc sp=0x000000002528bdd0
Event: 2443.502 Thread 0x000000001d005000 DEOPT UNPACKING pc=0x0000000002d2557b sp=0x000000002528bce8 mode 2
Event: 2443.554 Thread 0x000000001d005800 Uncommon trap: trap_request=0xffffffc6 fr.pc=0x00000000031cf180
Event: 2443.554 Thread 0x000000001d005800 DEOPT PACKING pc=0x00000000031cf180 sp=0x000000002518b970
Event: 2443.554 Thread 0x000000001d005800 DEOPT UNPACKING pc=0x0000000002d2557b sp=0x000000002518b8b8 mode 2


Dynamic libraries:
0x00007ff73e190000 - 0x00007ff73e1c1000 	C:\Program Files\Android\Android Studio1\jre\bin\java.exe
0x00007ffa9c5e0000 - 0x00007ffa9c7d0000 	C:\WINDOWS\SYSTEM32\ntdll.dll
0x00007ffa9aa30000 - 0x00007ffa9aae2000 	C:\WINDOWS\System32\KERNEL32.DLL
0x00007ffa999a0000 - 0x00007ffa99c43000 	C:\WINDOWS\System32\KERNELBASE.dll
0x00007ffa9bd30000 - 0x00007ffa9bdd3000 	C:\WINDOWS\System32\ADVAPI32.dll
0x00007ffa9b370000 - 0x00007ffa9b40e000 	C:\WINDOWS\System32\msvcrt.dll
0x00007ffa9b5b0000 - 0x00007ffa9b647000 	C:\WINDOWS\System32\sechost.dll
0x00007ffa9a690000 - 0x00007ffa9a7b0000 	C:\WINDOWS\System32\RPCRT4.dll
0x00007ffa9b410000 - 0x00007ffa9b5a4000 	C:\WINDOWS\System32\USER32.dll
0x00007ffa99710000 - 0x00007ffa99731000 	C:\WINDOWS\System32\win32u.dll
0x00007ffa9a890000 - 0x00007ffa9a8b6000 	C:\WINDOWS\System32\GDI32.dll
0x00007ffa99570000 - 0x00007ffa99704000 	C:\WINDOWS\System32\gdi32full.dll
0x00007ffa9a3d0000 - 0x00007ffa9a46e000 	C:\WINDOWS\System32\msvcp_win.dll
0x00007ffa9a540000 - 0x00007ffa9a63a000 	C:\WINDOWS\System32\ucrtbase.dll
0x00007ffa988b0000 - 0x00007ffa98b35000 	C:\WINDOWS\WinSxS\amd64_microsoft.windows.common-controls_6595b64144ccf1df_6.0.18362.778_none_e6c6b761130d4fb8\COMCTL32.dll
0x00007ffa9b7a0000 - 0x00007ffa9bad6000 	C:\WINDOWS\System32\combase.dll
0x00007ffa997d0000 - 0x00007ffa99850000 	C:\WINDOWS\System32\bcryptPrimitives.dll
0x00007ffa9a980000 - 0x00007ffa9a9ae000 	C:\WINDOWS\System32\IMM32.DLL
0x0000000052d10000 - 0x0000000052de2000 	C:\Program Files\Android\Android Studio1\jre\jre\bin\msvcr100.dll
0x0000000052ed0000 - 0x0000000053716000 	C:\Program Files\Android\Android Studio1\jre\jre\bin\server\jvm.dll
0x00007ffa9a970000 - 0x00007ffa9a978000 	C:\WINDOWS\System32\PSAPI.DLL
0x00007ffa8f3f0000 - 0x00007ffa8f414000 	C:\WINDOWS\SYSTEM32\WINMM.dll
0x00007ffa8f690000 - 0x00007ffa8f69a000 	C:\WINDOWS\SYSTEM32\VERSION.dll
0x00007ffa971c0000 - 0x00007ffa971c9000 	C:\WINDOWS\SYSTEM32\WSOCK32.dll
0x00007ffa8f3c0000 - 0x00007ffa8f3ed000 	C:\WINDOWS\SYSTEM32\WINMMBASE.dll
0x00007ffa9a640000 - 0x00007ffa9a68a000 	C:\WINDOWS\System32\cfgmgr32.dll
0x0000000002a40000 - 0x0000000002aaf000 	C:\WINDOWS\System32\ws2_32.DLL
0x00007ffa973e0000 - 0x00007ffa973ef000 	C:\Program Files\Android\Android Studio1\jre\jre\bin\verify.dll
0x00007ffa8d2f0000 - 0x00007ffa8d319000 	C:\Program Files\Android\Android Studio1\jre\jre\bin\java.dll
0x00007ffa88d60000 - 0x00007ffa88d76000 	C:\Program Files\Android\Android Studio1\jre\jre\bin\zip.dll
0x00007ffa9bde0000 - 0x00007ffa9c4c5000 	C:\WINDOWS\System32\SHELL32.dll
0x00007ffa9a8c0000 - 0x00007ffa9a969000 	C:\WINDOWS\System32\shcore.dll
0x00007ffa99c50000 - 0x00007ffa9a3d0000 	C:\WINDOWS\System32\windows.storage.dll
0x00007ffa994b0000 - 0x00007ffa994d3000 	C:\WINDOWS\System32\profapi.dll
0x00007ffa99520000 - 0x00007ffa9956a000 	C:\WINDOWS\System32\powrprof.dll
0x00007ffa994a0000 - 0x00007ffa994b0000 	C:\WINDOWS\System32\UMPDC.dll
0x00007ffa9b150000 - 0x00007ffa9b1a2000 	C:\WINDOWS\System32\shlwapi.dll
0x00007ffa994e0000 - 0x00007ffa994f1000 	C:\WINDOWS\System32\kernel.appcore.dll
0x00007ffa9a520000 - 0x00007ffa9a537000 	C:\WINDOWS\System32\cryptsp.dll
0x00007ffa88d40000 - 0x00007ffa88d5a000 	C:\Program Files\Android\Android Studio1\jre\jre\bin\net.dll
0x00007ffa8f960000 - 0x00007ffa8fb35000 	C:\WINDOWS\SYSTEM32\urlmon.dll
0x00007ffa8abe0000 - 0x00007ffa8ae86000 	C:\WINDOWS\SYSTEM32\iertutil.dll
0x00007ffa98820000 - 0x00007ffa9882c000 	C:\WINDOWS\SYSTEM32\CRYPTBASE.DLL
0x00007ffa98630000 - 0x00007ffa98697000 	C:\WINDOWS\system32\mswsock.dll
0x00007ffa88c40000 - 0x00007ffa88c53000 	C:\Program Files\Android\Android Studio1\jre\jre\bin\nio.dll
0x00007ffa6ba50000 - 0x00007ffa6ba76000 	C:\Users\RHEA SRIVASTAVA\.gradle\native\30\windows-amd64\native-platform.dll
0x00007ffa96630000 - 0x00007ffa9663d000 	C:\Program Files\Android\Android Studio1\jre\jre\bin\management.dll
0x00007ffa981a0000 - 0x00007ffa981d3000 	C:\WINDOWS\system32\rsaenh.dll
0x00007ffa997a0000 - 0x00007ffa997c6000 	C:\WINDOWS\System32\bcrypt.dll
0x00007ffa99390000 - 0x00007ffa993b5000 	C:\WINDOWS\SYSTEM32\USERENV.dll
0x00007ffa98340000 - 0x00007ffa9837a000 	C:\WINDOWS\SYSTEM32\IPHLPAPI.DLL
0x00007ffa9bc40000 - 0x00007ffa9bc48000 	C:\WINDOWS\System32\NSI.dll
0x00007ffa912c0000 - 0x00007ffa912d6000 	C:\WINDOWS\SYSTEM32\dhcpcsvc6.DLL
0x00007ffa91400000 - 0x00007ffa9141c000 	C:\WINDOWS\SYSTEM32\dhcpcsvc.DLL
0x00007ffa983d0000 - 0x00007ffa9849a000 	C:\WINDOWS\SYSTEM32\DNSAPI.dll
0x00007ffa80500000 - 0x00007ffa80524000 	C:\Program Files\Android\Android Studio1\jre\jre\bin\sunec.dll
0x00007ffa916b0000 - 0x00007ffa916ba000 	C:\Windows\System32\rasadhlp.dll
0x00007ffa911e0000 - 0x00007ffa91257000 	C:\WINDOWS\System32\fwpuclnt.dll
0x00007ffa98d20000 - 0x00007ffa98d2b000 	C:\Program Files\Android\Android Studio1\jre\jre\bin\sunmscapi.dll
0x00007ffa99850000 - 0x00007ffa99999000 	C:\WINDOWS\System32\CRYPT32.dll
0x00007ffa99500000 - 0x00007ffa99512000 	C:\WINDOWS\System32\MSASN1.dll
0x00007ffa98d80000 - 0x00007ffa98db1000 	C:\WINDOWS\SYSTEM32\ntmarta.dll
0x00007ffa98dc0000 - 0x00007ffa98fb4000 	C:\WINDOWS\SYSTEM32\dbghelp.dll

VM Arguments:
jvm_args: -Xmx1536m -Dfile.encoding=windows-1252 -Duser.country=US -Duser.language=en -Duser.variant 
java_command: org.gradle.launcher.daemon.bootstrap.GradleDaemon 5.6.4
java_class_path (initial): C:\Users\RHEA SRIVASTAVA\.gradle\wrapper\dists\gradle-5.6.4-all\ankdp27end7byghfw1q2sw75f\gradle-5.6.4\lib\gradle-launcher-5.6.4.jar
Launcher Type: SUN_STANDARD

Environment Variables:
PATH=C:\Program Files (x86)\Intel\iCLS Client\;C:\Program Files\Intel\iCLS Client\;C:\WINDOWS\system32;C:\WINDOWS;C:\WINDOWS\System32\Wbem;C:\WINDOWS\System32\WindowsPowerShell\v1.0\;C:\Program Files (x86)\Intel\Intel(R) Management Engine Components\DAL;C:\Program Files\Intel\Intel(R) Management Engine Components\DAL;C:\Program Files (x86)\Intel\Intel(R) Management Engine Components\IPT;C:\Program Files\Intel\Intel(R) Management Engine Components\IPT;C:\WINDOWS\System32\OpenSSH\;D:\MATLAB\R2017a\runtime\win64;D:\MATLAB\R2017a\bin;C:\Program Files\Intel\WiFi\bin\;C:\Program Files\Common Files\Intel\WirelessCommon\;C:\Program Files\Git\cmd;C:\Users\RHEA SRIVASTAVA\AppData\Local\Microsoft\WindowsApps;
USERNAME=RHEA SRIVASTAVA
OS=Windows_NT
PROCESSOR_IDENTIFIER=Intel64 Family 6 Model 78 Stepping 3, GenuineIntel



---------------  S Y S T E M  ---------------

OS: Windows 10.0 , 64 bit Build 18362 (10.0.18362.778)

CPU:total 4 (initial active 4) (2 cores per cpu, 2 threads per core) family 6 model 78 stepping 3, cmov, cx8, fxsr, mmx, sse, sse2, sse3, ssse3, sse4.1, sse4.2, popcnt, avx, avx2, aes, clmul, erms, 3dnowpref, lzcnt, ht, tsc, tscinvbit, bmi1, bmi2, adx

Memory: 4k page, physical 8244500k(811700k free), swap 12261676k(2920908k free)

vm_info: OpenJDK 64-Bit Server VM (25.212-b04) for windows-amd64 JRE (1.8.0_212-release-1586-b04), built by "builder" with MS VC++ 10.0 (VS2010)

time: Wed May 13 00:44:16 2020
timezone: India Standard Time
elapsed time: 2443 seconds (0d 0h 40m 43s)

